nohup: ignoring input
 * Serving Flask app 'test' (lazy loading)
 * Environment: production
   WARNING: This is a development server. Do not use it in a production deployment.
   Use a production WSGI server instead.
 * Debug mode: off
 * Running on all addresses.
   WARNING: This is a development server. Do not use it in a production deployment.
 * Running on http://10.0.0.179:5000/ (Press CTRL+C to quit)
127.0.0.1 - - [09/May/2022 19:39:34] "GET /robots.txt HTTP/1.0" 404 -
127.0.0.1 - - [09/May/2022 19:39:34] "GET /trm HTTP/1.0" 200 -
127.0.0.1 - - [09/May/2022 19:39:35] "GET /favicon.ico HTTP/1.0" 404 -
127.0.0.1 - - [10/May/2022 14:15:14] "GET /trm HTTP/1.0" 200 -
127.0.0.1 - - [10/May/2022 14:15:16] "GET /cocoa-contracts HTTP/1.0" 200 -
127.0.0.1 - - [10/May/2022 15:18:31] "GET /trm HTTP/1.0" 200 -
127.0.0.1 - - [10/May/2022 15:18:33] "GET /cocoa-contracts HTTP/1.0" 200 -
127.0.0.1 - - [10/May/2022 15:18:39] "GET /trm HTTP/1.0" 200 -
127.0.0.1 - - [10/May/2022 15:18:40] "GET /cocoa-contracts HTTP/1.0" 200 -
127.0.0.1 - - [10/May/2022 15:19:56] "GET /trm HTTP/1.0" 200 -
127.0.0.1 - - [10/May/2022 15:19:57] "GET /cocoa-contracts HTTP/1.0" 200 -
127.0.0.1 - - [10/May/2022 16:30:40] "GET /trm HTTP/1.0" 200 -
127.0.0.1 - - [10/May/2022 16:30:41] "GET /cocoa-contracts HTTP/1.0" 200 -
127.0.0.1 - - [10/May/2022 16:31:03] "GET /trm HTTP/1.0" 200 -
127.0.0.1 - - [10/May/2022 16:31:04] "GET /cocoa-contracts HTTP/1.0" 200 -
127.0.0.1 - - [10/May/2022 16:31:07] "GET /trm HTTP/1.0" 200 -
127.0.0.1 - - [10/May/2022 16:31:08] "GET /cocoa-contracts HTTP/1.0" 200 -
127.0.0.1 - - [10/May/2022 19:36:46] "GET /trm HTTP/1.0" 200 -
127.0.0.1 - - [10/May/2022 19:36:47] "GET /cocoa-contracts HTTP/1.0" 200 -
127.0.0.1 - - [10/May/2022 20:08:45] "GET /trm HTTP/1.0" 200 -
127.0.0.1 - - [10/May/2022 20:08:47] "GET /cocoa-contracts HTTP/1.0" 200 -
127.0.0.1 - - [10/May/2022 20:14:56] "GET /trm HTTP/1.0" 200 -
127.0.0.1 - - [10/May/2022 20:14:58] "GET /cocoa-contracts HTTP/1.0" 200 -
127.0.0.1 - - [10/May/2022 20:27:49] "GET /trm HTTP/1.0" 200 -
127.0.0.1 - - [10/May/2022 20:27:51] "GET /cocoa-contracts HTTP/1.0" 200 -
127.0.0.1 - - [10/May/2022 20:27:53] "GET /trm HTTP/1.0" 200 -
127.0.0.1 - - [10/May/2022 20:27:54] "GET /cocoa-contracts HTTP/1.0" 200 -
127.0.0.1 - - [10/May/2022 20:28:30] "GET /trm HTTP/1.0" 200 -
127.0.0.1 - - [10/May/2022 20:28:32] "GET /trm HTTP/1.0" 200 -
127.0.0.1 - - [10/May/2022 20:28:32] "GET /cocoa-contracts HTTP/1.0" 200 -
127.0.0.1 - - [10/May/2022 20:28:34] "GET /cocoa-contracts HTTP/1.0" 200 -
127.0.0.1 - - [10/May/2022 20:52:18] "GET /trm HTTP/1.0" 200 -
127.0.0.1 - - [10/May/2022 20:52:20] "GET /cocoa-contracts HTTP/1.0" 200 -
127.0.0.1 - - [10/May/2022 21:03:43] "GET /trm HTTP/1.0" 200 -
127.0.0.1 - - [10/May/2022 21:03:44] "GET /cocoa-contracts HTTP/1.0" 200 -
127.0.0.1 - - [10/May/2022 21:47:13] "GET /trm HTTP/1.0" 200 -
127.0.0.1 - - [10/May/2022 21:47:15] "GET /cocoa-contracts HTTP/1.0" 200 -
127.0.0.1 - - [10/May/2022 21:47:54] "GET /trm HTTP/1.0" 200 -
127.0.0.1 - - [10/May/2022 21:47:56] "GET /cocoa-contracts HTTP/1.0" 200 -
127.0.0.1 - - [10/May/2022 21:49:10] "GET /trm HTTP/1.0" 200 -
127.0.0.1 - - [10/May/2022 21:49:11] "GET /cocoa-contracts HTTP/1.0" 200 -
127.0.0.1 - - [10/May/2022 21:55:28] "GET /trm HTTP/1.0" 200 -
127.0.0.1 - - [10/May/2022 21:55:30] "GET /cocoa-contracts HTTP/1.0" 200 -
127.0.0.1 - - [10/May/2022 21:56:13] "GET /trm HTTP/1.0" 200 -
127.0.0.1 - - [10/May/2022 21:56:14] "GET /cocoa-contracts HTTP/1.0" 200 -
127.0.0.1 - - [10/May/2022 21:58:51] "GET /trm HTTP/1.0" 200 -
127.0.0.1 - - [10/May/2022 21:58:54] "GET /cocoa-contracts HTTP/1.0" 200 -
127.0.0.1 - - [10/May/2022 21:58:54] "GET /trm HTTP/1.0" 200 -
127.0.0.1 - - [10/May/2022 21:58:57] "GET /cocoa-contracts HTTP/1.0" 200 -
127.0.0.1 - - [10/May/2022 22:01:00] "GET /trm HTTP/1.0" 200 -
127.0.0.1 - - [10/May/2022 22:01:01] "GET /cocoa-contracts HTTP/1.0" 200 -
127.0.0.1 - - [10/May/2022 22:01:24] "GET /trm HTTP/1.0" 200 -
127.0.0.1 - - [10/May/2022 22:01:26] "GET /cocoa-contracts HTTP/1.0" 200 -
127.0.0.1 - - [10/May/2022 22:02:00] "GET /trm HTTP/1.0" 200 -
127.0.0.1 - - [10/May/2022 22:02:02] "GET /cocoa-contracts HTTP/1.0" 200 -
127.0.0.1 - - [10/May/2022 22:03:02] "GET /trm HTTP/1.0" 200 -
127.0.0.1 - - [10/May/2022 22:03:04] "GET /cocoa-contracts HTTP/1.0" 200 -
127.0.0.1 - - [10/May/2022 22:05:44] "GET /trm HTTP/1.0" 200 -
127.0.0.1 - - [10/May/2022 22:05:46] "GET /cocoa-contracts HTTP/1.0" 200 -
127.0.0.1 - - [10/May/2022 22:35:15] "GET /trm HTTP/1.0" 200 -
127.0.0.1 - - [10/May/2022 22:35:17] "GET /cocoa-contracts HTTP/1.0" 200 -
127.0.0.1 - - [11/May/2022 01:04:00] "GET /trm HTTP/1.0" 200 -
127.0.0.1 - - [11/May/2022 01:04:02] "GET /cocoa-contracts HTTP/1.0" 200 -
127.0.0.1 - - [11/May/2022 16:36:55] "GET /trm HTTP/1.0" 200 -
127.0.0.1 - - [11/May/2022 16:36:57] "GET /cocoa-contracts HTTP/1.0" 200 -
127.0.0.1 - - [12/May/2022 15:11:33] "GET /trm HTTP/1.0" 200 -
127.0.0.1 - - [12/May/2022 15:11:34] "GET /cocoa-contracts HTTP/1.0" 200 -
127.0.0.1 - - [12/May/2022 15:47:28] "GET /trm HTTP/1.0" 200 -
127.0.0.1 - - [12/May/2022 15:47:30] "GET /cocoa-contracts HTTP/1.0" 200 -
127.0.0.1 - - [12/May/2022 17:20:07] "GET /trm HTTP/1.0" 200 -
127.0.0.1 - - [12/May/2022 17:20:08] "GET /cocoa-contracts HTTP/1.0" 200 -
127.0.0.1 - - [12/May/2022 19:17:58] "GET /trm HTTP/1.0" 200 -
127.0.0.1 - - [12/May/2022 19:17:59] "GET /cocoa-contracts HTTP/1.0" 200 -
127.0.0.1 - - [12/May/2022 19:32:20] "GET /trm HTTP/1.0" 200 -
127.0.0.1 - - [12/May/2022 19:32:21] "GET /cocoa-contracts HTTP/1.0" 200 -
127.0.0.1 - - [12/May/2022 19:36:46] "GET /trm HTTP/1.0" 200 -
127.0.0.1 - - [12/May/2022 19:36:46] "GET /cocoa-contracts HTTP/1.0" 200 -
127.0.0.1 - - [12/May/2022 19:37:13] "GET /trm HTTP/1.0" 200 -
127.0.0.1 - - [12/May/2022 19:37:14] "GET /cocoa-contracts HTTP/1.0" 200 -
127.0.0.1 - - [12/May/2022 19:53:18] "GET /trm HTTP/1.0" 200 -
127.0.0.1 - - [12/May/2022 19:53:19] "GET /cocoa-contracts HTTP/1.0" 200 -
127.0.0.1 - - [12/May/2022 20:23:36] "GET /trm HTTP/1.0" 200 -
127.0.0.1 - - [12/May/2022 20:23:37] "GET /cocoa-contracts HTTP/1.0" 200 -
127.0.0.1 - - [12/May/2022 20:56:23] "GET /trm HTTP/1.0" 200 -
127.0.0.1 - - [12/May/2022 20:56:24] "GET /cocoa-contracts HTTP/1.0" 200 -
127.0.0.1 - - [12/May/2022 20:58:26] "GET /trm HTTP/1.0" 200 -
127.0.0.1 - - [12/May/2022 20:58:28] "GET /cocoa-contracts HTTP/1.0" 200 -
127.0.0.1 - - [12/May/2022 21:02:24] "GET /trm HTTP/1.0" 200 -
127.0.0.1 - - [12/May/2022 21:02:25] "GET /cocoa-contracts HTTP/1.0" 200 -
127.0.0.1 - - [12/May/2022 21:32:35] "GET /trm HTTP/1.0" 200 -
127.0.0.1 - - [12/May/2022 21:32:37] "GET /cocoa-contracts HTTP/1.0" 200 -
127.0.0.1 - - [12/May/2022 21:46:46] "GET /trm HTTP/1.0" 200 -
127.0.0.1 - - [12/May/2022 21:46:47] "GET /cocoa-contracts HTTP/1.0" 200 -
127.0.0.1 - - [12/May/2022 21:47:59] "GET /trm HTTP/1.0" 200 -
127.0.0.1 - - [12/May/2022 21:48:00] "GET /cocoa-contracts HTTP/1.0" 200 -
127.0.0.1 - - [12/May/2022 21:49:45] "GET /trm HTTP/1.0" 200 -
127.0.0.1 - - [12/May/2022 21:49:46] "GET /cocoa-contracts HTTP/1.0" 200 -
127.0.0.1 - - [12/May/2022 22:10:32] "GET /trm HTTP/1.0" 200 -
127.0.0.1 - - [12/May/2022 22:10:33] "GET /cocoa-contracts HTTP/1.0" 200 -
127.0.0.1 - - [12/May/2022 22:17:18] "GET /trm HTTP/1.0" 200 -
127.0.0.1 - - [12/May/2022 22:17:19] "GET /cocoa-contracts HTTP/1.0" 200 -
127.0.0.1 - - [12/May/2022 22:31:11] "GET /trm HTTP/1.0" 200 -
127.0.0.1 - - [12/May/2022 22:31:12] "GET /cocoa-contracts HTTP/1.0" 200 -
127.0.0.1 - - [12/May/2022 22:31:13] "GET /trm HTTP/1.0" 200 -
127.0.0.1 - - [12/May/2022 22:31:14] "GET /cocoa-contracts HTTP/1.0" 200 -
127.0.0.1 - - [12/May/2022 22:40:57] "GET /trm HTTP/1.0" 200 -
127.0.0.1 - - [12/May/2022 22:40:58] "GET /cocoa-contracts HTTP/1.0" 200 -
127.0.0.1 - - [12/May/2022 22:43:22] "GET /trm HTTP/1.0" 200 -
127.0.0.1 - - [12/May/2022 22:43:23] "GET /cocoa-contracts HTTP/1.0" 200 -
127.0.0.1 - - [12/May/2022 23:21:31] "GET /trm HTTP/1.0" 200 -
127.0.0.1 - - [12/May/2022 23:21:32] "GET /cocoa-contracts HTTP/1.0" 200 -
127.0.0.1 - - [12/May/2022 23:30:32] "GET /trm HTTP/1.0" 200 -
127.0.0.1 - - [12/May/2022 23:30:33] "GET /cocoa-contracts HTTP/1.0" 200 -
127.0.0.1 - - [12/May/2022 23:30:41] "GET /trm HTTP/1.0" 200 -
127.0.0.1 - - [12/May/2022 23:30:42] "GET /cocoa-contracts HTTP/1.0" 200 -
127.0.0.1 - - [13/May/2022 00:08:50] "GET /trm HTTP/1.0" 200 -
127.0.0.1 - - [13/May/2022 00:08:51] "GET /cocoa-contracts HTTP/1.0" 200 -
127.0.0.1 - - [13/May/2022 00:13:04] "GET /trm HTTP/1.0" 200 -
127.0.0.1 - - [13/May/2022 00:13:05] "GET /cocoa-contracts HTTP/1.0" 200 -
127.0.0.1 - - [13/May/2022 00:17:53] "GET /trm HTTP/1.0" 200 -
127.0.0.1 - - [13/May/2022 00:17:55] "GET /cocoa-contracts HTTP/1.0" 200 -
127.0.0.1 - - [13/May/2022 00:34:09] "GET /trm HTTP/1.0" 200 -
127.0.0.1 - - [13/May/2022 00:34:10] "GET /cocoa-contracts HTTP/1.0" 200 -
127.0.0.1 - - [13/May/2022 00:46:35] "GET /trm HTTP/1.0" 200 -
127.0.0.1 - - [13/May/2022 00:46:37] "GET /cocoa-contracts HTTP/1.0" 200 -
127.0.0.1 - - [13/May/2022 00:46:43] "GET /trm HTTP/1.0" 200 -
127.0.0.1 - - [13/May/2022 00:46:44] "GET /cocoa-contracts HTTP/1.0" 200 -
127.0.0.1 - - [13/May/2022 00:48:10] "GET /trm HTTP/1.0" 200 -
127.0.0.1 - - [13/May/2022 00:48:11] "GET /cocoa-contracts HTTP/1.0" 200 -
127.0.0.1 - - [13/May/2022 00:51:57] "GET /cocoa-contracts HTTP/1.0" 200 -
<?xml version="1.0" encoding="UTF-8"?>
<SOAP-ENV:Envelope xmlns:SOAP-ENV="http://schemas.xmlsoap.org/soap/envelope/" xmlns:xsi="http://www.w3.org/2001/XMLSchema-instance" xmlns:ns0="http://schemas.xmlsoap.org/soap/envelope/" xmlns:ns1="http://action.trm.services.generic.action.superfinanciera.nexura.sc.com.co/">
   <SOAP-ENV:Header/>
   <ns0:Body>
      <ns1:queryTCRM>
         <tcrmQueryAssociatedDate>2022-05-12 00:51:55.355309</tcrmQueryAssociatedDate>
      </ns1:queryTCRM>
   </ns0:Body>
</SOAP-ENV:Envelope>
[2022-05-13 00:51:58,564] ERROR in app: Exception on /trm [GET]
Traceback (most recent call last):
  File "/usr/local/lib/python3.8/dist-packages/suds/transport/http.py", line 78, in send
    fp = self.u2open(u2request)
  File "/usr/local/lib/python3.8/dist-packages/suds/transport/http.py", line 119, in u2open
    return url.open(u2request, timeout=tm)
  File "/usr/lib/python3.8/urllib/request.py", line 531, in open
    response = meth(req, response)
  File "/usr/lib/python3.8/urllib/request.py", line 640, in http_response
    response = self.parent.error(
  File "/usr/lib/python3.8/urllib/request.py", line 569, in error
    return self._call_chain(*args)
  File "/usr/lib/python3.8/urllib/request.py", line 502, in _call_chain
    result = func(*args)
  File "/usr/lib/python3.8/urllib/request.py", line 649, in http_error_default
    raise HTTPError(req.full_url, code, msg, hdrs, fp)
urllib.error.HTTPError: HTTP Error 503: Service Unavailable

During handling of the above exception, another exception occurred:

Traceback (most recent call last):
  File "/usr/local/lib/python3.8/dist-packages/suds/client.py", line 652, in send
    reply = transport.send(request)
  File "/usr/local/lib/python3.8/dist-packages/suds/transport/http.py", line 178, in send
    return HttpTransport.send(self, request)
  File "/usr/local/lib/python3.8/dist-packages/suds/transport/http.py", line 86, in send
    raise TransportError(e.msg, e.code, e.fp)
suds.transport.TransportError: Service Unavailable

During handling of the above exception, another exception occurred:

Traceback (most recent call last):
  File "/usr/local/lib/python3.8/dist-packages/flask/app.py", line 2073, in wsgi_app
    response = self.full_dispatch_request()
  File "/usr/local/lib/python3.8/dist-packages/flask/app.py", line 1518, in full_dispatch_request
    rv = self.handle_user_exception(e)
  File "/usr/local/lib/python3.8/dist-packages/flask/app.py", line 1516, in full_dispatch_request
    rv = self.dispatch_request()
  File "/usr/local/lib/python3.8/dist-packages/flask/app.py", line 1502, in dispatch_request
    return self.ensure_sync(self.view_functions[rule.endpoint])(**req.view_args)
  File "test.py", line 18, in welcome
    trm = client.service.queryTCRM(date)
  File "/usr/local/lib/python3.8/dist-packages/suds/client.py", line 559, in __call__
    return client.invoke(args, kwargs)
  File "/usr/local/lib/python3.8/dist-packages/suds/client.py", line 618, in invoke
    result = self.send(soapenv)
  File "/usr/local/lib/python3.8/dist-packages/suds/client.py", line 664, in send
    result = self.failed(binding, e)
  File "/usr/local/lib/python3.8/dist-packages/suds/client.py", line 726, in failed
    raise Exception((status, reason))
Exception: (503, 'Service Unavailable')
127.0.0.1 - - [13/May/2022 00:51:58] "GET /trm HTTP/1.0" 500 -
127.0.0.1 - - [13/May/2022 00:52:19] "GET /cocoa-contracts HTTP/1.0" 200 -
<?xml version="1.0" encoding="UTF-8"?>
<SOAP-ENV:Envelope xmlns:SOAP-ENV="http://schemas.xmlsoap.org/soap/envelope/" xmlns:xsi="http://www.w3.org/2001/XMLSchema-instance" xmlns:ns0="http://schemas.xmlsoap.org/soap/envelope/" xmlns:ns1="http://action.trm.services.generic.action.superfinanciera.nexura.sc.com.co/">
   <SOAP-ENV:Header/>
   <ns0:Body>
      <ns1:queryTCRM>
         <tcrmQueryAssociatedDate>2022-05-12 00:52:17.701068</tcrmQueryAssociatedDate>
      </ns1:queryTCRM>
   </ns0:Body>
</SOAP-ENV:Envelope>
[2022-05-13 00:52:20,509] ERROR in app: Exception on /trm [GET]
Traceback (most recent call last):
  File "/usr/local/lib/python3.8/dist-packages/suds/transport/http.py", line 78, in send
    fp = self.u2open(u2request)
  File "/usr/local/lib/python3.8/dist-packages/suds/transport/http.py", line 119, in u2open
    return url.open(u2request, timeout=tm)
  File "/usr/lib/python3.8/urllib/request.py", line 531, in open
    response = meth(req, response)
  File "/usr/lib/python3.8/urllib/request.py", line 640, in http_response
    response = self.parent.error(
  File "/usr/lib/python3.8/urllib/request.py", line 569, in error
    return self._call_chain(*args)
  File "/usr/lib/python3.8/urllib/request.py", line 502, in _call_chain
    result = func(*args)
  File "/usr/lib/python3.8/urllib/request.py", line 649, in http_error_default
    raise HTTPError(req.full_url, code, msg, hdrs, fp)
urllib.error.HTTPError: HTTP Error 503: Service Unavailable

During handling of the above exception, another exception occurred:

Traceback (most recent call last):
  File "/usr/local/lib/python3.8/dist-packages/suds/client.py", line 652, in send
    reply = transport.send(request)
  File "/usr/local/lib/python3.8/dist-packages/suds/transport/http.py", line 178, in send
    return HttpTransport.send(self, request)
  File "/usr/local/lib/python3.8/dist-packages/suds/transport/http.py", line 86, in send
    raise TransportError(e.msg, e.code, e.fp)
suds.transport.TransportError: Service Unavailable

During handling of the above exception, another exception occurred:

Traceback (most recent call last):
  File "/usr/local/lib/python3.8/dist-packages/flask/app.py", line 2073, in wsgi_app
    response = self.full_dispatch_request()
  File "/usr/local/lib/python3.8/dist-packages/flask/app.py", line 1518, in full_dispatch_request
    rv = self.handle_user_exception(e)
  File "/usr/local/lib/python3.8/dist-packages/flask/app.py", line 1516, in full_dispatch_request
    rv = self.dispatch_request()
  File "/usr/local/lib/python3.8/dist-packages/flask/app.py", line 1502, in dispatch_request
    return self.ensure_sync(self.view_functions[rule.endpoint])(**req.view_args)
  File "test.py", line 18, in welcome
    trm = client.service.queryTCRM(date)
  File "/usr/local/lib/python3.8/dist-packages/suds/client.py", line 559, in __call__
    return client.invoke(args, kwargs)
  File "/usr/local/lib/python3.8/dist-packages/suds/client.py", line 618, in invoke
    result = self.send(soapenv)
  File "/usr/local/lib/python3.8/dist-packages/suds/client.py", line 664, in send
    result = self.failed(binding, e)
  File "/usr/local/lib/python3.8/dist-packages/suds/client.py", line 726, in failed
    raise Exception((status, reason))
Exception: (503, 'Service Unavailable')
127.0.0.1 - - [13/May/2022 00:52:20] "GET /trm HTTP/1.0" 500 -
127.0.0.1 - - [13/May/2022 01:21:09] "GET /trm HTTP/1.0" 200 -
127.0.0.1 - - [13/May/2022 01:21:10] "GET /cocoa-contracts HTTP/1.0" 200 -
127.0.0.1 - - [13/May/2022 01:21:53] "GET /trm HTTP/1.0" 200 -
127.0.0.1 - - [13/May/2022 01:21:54] "GET /cocoa-contracts HTTP/1.0" 200 -
127.0.0.1 - - [13/May/2022 01:22:02] "GET /trm HTTP/1.0" 200 -
127.0.0.1 - - [13/May/2022 01:22:03] "GET /cocoa-contracts HTTP/1.0" 200 -
127.0.0.1 - - [13/May/2022 01:25:07] "GET /trm HTTP/1.0" 200 -
127.0.0.1 - - [13/May/2022 01:25:08] "GET /cocoa-contracts HTTP/1.0" 200 -
127.0.0.1 - - [13/May/2022 01:28:18] "GET /trm HTTP/1.0" 200 -
127.0.0.1 - - [13/May/2022 01:28:19] "GET /cocoa-contracts HTTP/1.0" 200 -
127.0.0.1 - - [13/May/2022 12:56:40] "GET /trm HTTP/1.0" 200 -
127.0.0.1 - - [13/May/2022 12:56:41] "GET /cocoa-contracts HTTP/1.0" 200 -
127.0.0.1 - - [13/May/2022 13:26:31] "GET /trm HTTP/1.0" 200 -
127.0.0.1 - - [13/May/2022 13:26:33] "GET /cocoa-contracts HTTP/1.0" 200 -
127.0.0.1 - - [13/May/2022 13:41:23] "GET /trm HTTP/1.0" 200 -
127.0.0.1 - - [13/May/2022 13:41:24] "GET /cocoa-contracts HTTP/1.0" 200 -
127.0.0.1 - - [13/May/2022 14:04:52] "GET /trm HTTP/1.0" 200 -
127.0.0.1 - - [13/May/2022 14:04:53] "GET /cocoa-contracts HTTP/1.0" 200 -
127.0.0.1 - - [13/May/2022 14:09:01] "GET /trm HTTP/1.0" 200 -
127.0.0.1 - - [13/May/2022 14:09:02] "GET /cocoa-contracts HTTP/1.0" 200 -
127.0.0.1 - - [13/May/2022 14:11:40] "GET /trm HTTP/1.0" 200 -
127.0.0.1 - - [13/May/2022 14:11:41] "GET /cocoa-contracts HTTP/1.0" 200 -
127.0.0.1 - - [13/May/2022 14:35:03] "GET /trm HTTP/1.0" 200 -
127.0.0.1 - - [13/May/2022 14:35:04] "GET /cocoa-contracts HTTP/1.0" 200 -
127.0.0.1 - - [13/May/2022 16:17:38] "GET /trm HTTP/1.0" 200 -
127.0.0.1 - - [13/May/2022 16:17:38] "GET /cocoa-contracts HTTP/1.0" 200 -
127.0.0.1 - - [13/May/2022 16:27:36] "GET /trm HTTP/1.0" 200 -
127.0.0.1 - - [13/May/2022 16:27:37] "GET /cocoa-contracts HTTP/1.0" 200 -
127.0.0.1 - - [13/May/2022 23:01:10] "GET /trm HTTP/1.0" 200 -
127.0.0.1 - - [13/May/2022 23:01:11] "GET /cocoa-contracts HTTP/1.0" 200 -
127.0.0.1 - - [13/May/2022 23:01:16] "GET /trm HTTP/1.0" 200 -
127.0.0.1 - - [13/May/2022 23:01:17] "GET /cocoa-contracts HTTP/1.0" 200 -
127.0.0.1 - - [16/May/2022 14:51:38] "GET /trm HTTP/1.0" 200 -
127.0.0.1 - - [16/May/2022 14:51:39] "GET /cocoa-contracts HTTP/1.0" 200 -
127.0.0.1 - - [16/May/2022 15:06:48] "GET /trm HTTP/1.0" 200 -
127.0.0.1 - - [16/May/2022 15:06:50] "GET /cocoa-contracts HTTP/1.0" 200 -
127.0.0.1 - - [16/May/2022 15:06:52] "GET /trm HTTP/1.0" 200 -
127.0.0.1 - - [16/May/2022 15:06:54] "GET /cocoa-contracts HTTP/1.0" 200 -
127.0.0.1 - - [16/May/2022 15:10:22] "GET /trm HTTP/1.0" 200 -
127.0.0.1 - - [16/May/2022 15:10:23] "GET /cocoa-contracts HTTP/1.0" 200 -
127.0.0.1 - - [16/May/2022 15:22:53] "GET /trm HTTP/1.0" 200 -
127.0.0.1 - - [16/May/2022 15:22:55] "GET /cocoa-contracts HTTP/1.0" 200 -
127.0.0.1 - - [16/May/2022 15:27:26] "GET /trm HTTP/1.0" 200 -
127.0.0.1 - - [16/May/2022 15:27:28] "GET /cocoa-contracts HTTP/1.0" 200 -
127.0.0.1 - - [16/May/2022 15:27:45] "GET /trm HTTP/1.0" 200 -
127.0.0.1 - - [16/May/2022 15:27:46] "GET /cocoa-contracts HTTP/1.0" 200 -
127.0.0.1 - - [16/May/2022 15:29:29] "GET /trm HTTP/1.0" 200 -
127.0.0.1 - - [16/May/2022 15:29:31] "GET /cocoa-contracts HTTP/1.0" 200 -
127.0.0.1 - - [16/May/2022 15:57:32] "GET /trm HTTP/1.0" 200 -
127.0.0.1 - - [16/May/2022 15:57:33] "GET /cocoa-contracts HTTP/1.0" 200 -
127.0.0.1 - - [16/May/2022 16:21:15] "GET /trm HTTP/1.0" 200 -
127.0.0.1 - - [16/May/2022 16:21:16] "GET /cocoa-contracts HTTP/1.0" 200 -
127.0.0.1 - - [16/May/2022 16:46:28] "GET /trm HTTP/1.0" 200 -
127.0.0.1 - - [16/May/2022 16:46:30] "GET /cocoa-contracts HTTP/1.0" 200 -
127.0.0.1 - - [16/May/2022 16:51:53] "GET /trm HTTP/1.0" 200 -
127.0.0.1 - - [16/May/2022 16:51:55] "GET /cocoa-contracts HTTP/1.0" 200 -
127.0.0.1 - - [16/May/2022 16:54:46] "GET /trm HTTP/1.0" 200 -
127.0.0.1 - - [16/May/2022 16:54:47] "GET /cocoa-contracts HTTP/1.0" 200 -
127.0.0.1 - - [16/May/2022 17:16:07] "GET /trm HTTP/1.0" 200 -
127.0.0.1 - - [16/May/2022 17:16:08] "GET /cocoa-contracts HTTP/1.0" 200 -
127.0.0.1 - - [16/May/2022 17:42:19] "GET /trm HTTP/1.0" 200 -
127.0.0.1 - - [16/May/2022 17:42:20] "GET /cocoa-contracts HTTP/1.0" 200 -
127.0.0.1 - - [16/May/2022 19:23:47] "GET /trm HTTP/1.0" 200 -
127.0.0.1 - - [16/May/2022 19:23:47] "GET /cocoa-contracts HTTP/1.0" 200 -
127.0.0.1 - - [16/May/2022 19:29:22] "GET /trm HTTP/1.0" 200 -
127.0.0.1 - - [16/May/2022 19:29:23] "GET /cocoa-contracts HTTP/1.0" 200 -
127.0.0.1 - - [16/May/2022 19:34:34] "GET /trm HTTP/1.0" 200 -
127.0.0.1 - - [16/May/2022 19:34:35] "GET /cocoa-contracts HTTP/1.0" 200 -
127.0.0.1 - - [16/May/2022 19:59:13] "GET /trm HTTP/1.0" 200 -
127.0.0.1 - - [16/May/2022 19:59:14] "GET /trm HTTP/1.0" 200 -
127.0.0.1 - - [16/May/2022 19:59:14] "GET /cocoa-contracts HTTP/1.0" 200 -
127.0.0.1 - - [16/May/2022 19:59:15] "GET /trm HTTP/1.0" 200 -
127.0.0.1 - - [16/May/2022 19:59:16] "GET /trm HTTP/1.0" 200 -
127.0.0.1 - - [16/May/2022 19:59:16] "GET /cocoa-contracts HTTP/1.0" 200 -
127.0.0.1 - - [16/May/2022 19:59:17] "GET /trm HTTP/1.0" 200 -
127.0.0.1 - - [16/May/2022 19:59:17] "GET /trm HTTP/1.0" 200 -
127.0.0.1 - - [16/May/2022 19:59:18] "GET /cocoa-contracts HTTP/1.0" 200 -
127.0.0.1 - - [16/May/2022 19:59:20] "GET /cocoa-contracts HTTP/1.0" 200 -
127.0.0.1 - - [16/May/2022 19:59:22] "GET /cocoa-contracts HTTP/1.0" 200 -
127.0.0.1 - - [16/May/2022 19:59:24] "GET /cocoa-contracts HTTP/1.0" 200 -
127.0.0.1 - - [16/May/2022 20:43:49] "GET /trm HTTP/1.0" 200 -
127.0.0.1 - - [16/May/2022 20:43:49] "GET /cocoa-contracts HTTP/1.0" 200 -
127.0.0.1 - - [16/May/2022 20:43:58] "GET /trm HTTP/1.0" 200 -
127.0.0.1 - - [16/May/2022 20:43:59] "GET /cocoa-contracts HTTP/1.0" 200 -
127.0.0.1 - - [16/May/2022 20:51:45] "GET /trm HTTP/1.0" 200 -
127.0.0.1 - - [16/May/2022 20:51:46] "GET /cocoa-contracts HTTP/1.0" 200 -
127.0.0.1 - - [16/May/2022 20:54:16] "GET /trm HTTP/1.0" 200 -
127.0.0.1 - - [16/May/2022 20:54:17] "GET /cocoa-contracts HTTP/1.0" 200 -
127.0.0.1 - - [16/May/2022 20:56:36] "GET /trm HTTP/1.0" 200 -
127.0.0.1 - - [16/May/2022 20:56:37] "GET /cocoa-contracts HTTP/1.0" 200 -
127.0.0.1 - - [16/May/2022 20:59:47] "GET /trm HTTP/1.0" 200 -
127.0.0.1 - - [16/May/2022 20:59:49] "GET /cocoa-contracts HTTP/1.0" 200 -
127.0.0.1 - - [16/May/2022 21:02:45] "GET /trm HTTP/1.0" 200 -
127.0.0.1 - - [16/May/2022 21:02:47] "GET /cocoa-contracts HTTP/1.0" 200 -
127.0.0.1 - - [16/May/2022 21:04:04] "GET /trm HTTP/1.0" 200 -
127.0.0.1 - - [16/May/2022 21:04:05] "GET /cocoa-contracts HTTP/1.0" 200 -
127.0.0.1 - - [16/May/2022 21:28:41] "GET /trm HTTP/1.0" 200 -
127.0.0.1 - - [16/May/2022 21:28:42] "GET /cocoa-contracts HTTP/1.0" 200 -
127.0.0.1 - - [16/May/2022 21:28:59] "GET /trm HTTP/1.0" 200 -
127.0.0.1 - - [16/May/2022 21:29:00] "GET /cocoa-contracts HTTP/1.0" 200 -
127.0.0.1 - - [16/May/2022 21:29:48] "GET /trm HTTP/1.0" 200 -
127.0.0.1 - - [16/May/2022 21:29:49] "GET /cocoa-contracts HTTP/1.0" 200 -
127.0.0.1 - - [16/May/2022 21:31:35] "GET /trm HTTP/1.0" 200 -
127.0.0.1 - - [16/May/2022 21:31:36] "GET /cocoa-contracts HTTP/1.0" 200 -
127.0.0.1 - - [16/May/2022 21:37:39] "GET /trm HTTP/1.0" 200 -
127.0.0.1 - - [16/May/2022 21:37:40] "GET /cocoa-contracts HTTP/1.0" 200 -
127.0.0.1 - - [16/May/2022 21:45:48] "GET /trm HTTP/1.0" 200 -
127.0.0.1 - - [16/May/2022 21:45:49] "GET /cocoa-contracts HTTP/1.0" 200 -
127.0.0.1 - - [16/May/2022 21:47:04] "GET /trm HTTP/1.0" 200 -
127.0.0.1 - - [16/May/2022 21:47:05] "GET /cocoa-contracts HTTP/1.0" 200 -
127.0.0.1 - - [16/May/2022 21:49:11] "GET /trm HTTP/1.0" 200 -
127.0.0.1 - - [16/May/2022 21:49:12] "GET /cocoa-contracts HTTP/1.0" 200 -
127.0.0.1 - - [16/May/2022 21:55:51] "GET /trm HTTP/1.0" 200 -
127.0.0.1 - - [16/May/2022 21:55:52] "GET /cocoa-contracts HTTP/1.0" 200 -
127.0.0.1 - - [16/May/2022 21:57:31] "GET /trm HTTP/1.0" 200 -
127.0.0.1 - - [16/May/2022 21:57:32] "GET /cocoa-contracts HTTP/1.0" 200 -
127.0.0.1 - - [16/May/2022 21:59:48] "GET /trm HTTP/1.0" 200 -
127.0.0.1 - - [16/May/2022 21:59:50] "GET /cocoa-contracts HTTP/1.0" 200 -
127.0.0.1 - - [16/May/2022 22:01:31] "GET /trm HTTP/1.0" 200 -
127.0.0.1 - - [16/May/2022 22:01:31] "GET /cocoa-contracts HTTP/1.0" 200 -
127.0.0.1 - - [16/May/2022 22:01:55] "GET /trm HTTP/1.0" 200 -
127.0.0.1 - - [16/May/2022 22:01:56] "GET /cocoa-contracts HTTP/1.0" 200 -
127.0.0.1 - - [16/May/2022 22:02:12] "GET /trm HTTP/1.0" 200 -
127.0.0.1 - - [16/May/2022 22:02:12] "GET /cocoa-contracts HTTP/1.0" 200 -
127.0.0.1 - - [16/May/2022 22:02:47] "GET /trm HTTP/1.0" 200 -
127.0.0.1 - - [16/May/2022 22:02:48] "GET /cocoa-contracts HTTP/1.0" 200 -
127.0.0.1 - - [16/May/2022 22:02:59] "GET /trm HTTP/1.0" 200 -
127.0.0.1 - - [16/May/2022 22:03:00] "GET /cocoa-contracts HTTP/1.0" 200 -
127.0.0.1 - - [16/May/2022 22:03:02] "GET /trm HTTP/1.0" 200 -
127.0.0.1 - - [16/May/2022 22:03:03] "GET /cocoa-contracts HTTP/1.0" 200 -
127.0.0.1 - - [16/May/2022 22:05:22] "GET /trm HTTP/1.0" 200 -
127.0.0.1 - - [16/May/2022 22:05:23] "GET /cocoa-contracts HTTP/1.0" 200 -
127.0.0.1 - - [16/May/2022 22:07:25] "GET /cocoa-contracts HTTP/1.0" 200 -
127.0.0.1 - - [16/May/2022 22:07:25] "GET /trm HTTP/1.0" 200 -
127.0.0.1 - - [16/May/2022 22:13:15] "GET /trm HTTP/1.0" 200 -
127.0.0.1 - - [16/May/2022 22:13:15] "GET /cocoa-contracts HTTP/1.0" 200 -
127.0.0.1 - - [16/May/2022 23:16:50] "GET /trm HTTP/1.0" 200 -
127.0.0.1 - - [16/May/2022 23:16:51] "GET /cocoa-contracts HTTP/1.0" 200 -
127.0.0.1 - - [17/May/2022 14:33:16] "GET /trm HTTP/1.0" 200 -
127.0.0.1 - - [17/May/2022 14:33:17] "GET /cocoa-contracts HTTP/1.0" 200 -
127.0.0.1 - - [17/May/2022 14:35:57] "GET /trm HTTP/1.0" 200 -
127.0.0.1 - - [17/May/2022 14:35:58] "GET /cocoa-contracts HTTP/1.0" 200 -
127.0.0.1 - - [17/May/2022 16:13:13] "GET /trm HTTP/1.0" 200 -
127.0.0.1 - - [17/May/2022 16:13:14] "GET /cocoa-contracts HTTP/1.0" 200 -
127.0.0.1 - - [17/May/2022 16:16:34] "GET /trm HTTP/1.0" 200 -
127.0.0.1 - - [17/May/2022 16:16:36] "GET /cocoa-contracts HTTP/1.0" 200 -
127.0.0.1 - - [17/May/2022 16:31:27] "GET /trm HTTP/1.0" 200 -
127.0.0.1 - - [17/May/2022 16:31:28] "GET /cocoa-contracts HTTP/1.0" 200 -
127.0.0.1 - - [17/May/2022 16:32:55] "GET /trm HTTP/1.0" 200 -
127.0.0.1 - - [17/May/2022 16:32:56] "GET /cocoa-contracts HTTP/1.0" 200 -
127.0.0.1 - - [17/May/2022 16:40:21] "GET /trm HTTP/1.0" 200 -
127.0.0.1 - - [17/May/2022 16:40:22] "GET /cocoa-contracts HTTP/1.0" 200 -
127.0.0.1 - - [17/May/2022 17:32:33] "GET /trm HTTP/1.0" 200 -
127.0.0.1 - - [17/May/2022 17:32:34] "GET /cocoa-contracts HTTP/1.0" 200 -
127.0.0.1 - - [17/May/2022 17:48:22] "GET /trm HTTP/1.0" 200 -
127.0.0.1 - - [17/May/2022 17:48:24] "GET /cocoa-contracts HTTP/1.0" 200 -
127.0.0.1 - - [17/May/2022 17:52:59] "GET /trm HTTP/1.0" 200 -
127.0.0.1 - - [17/May/2022 17:53:01] "GET /cocoa-contracts HTTP/1.0" 200 -
127.0.0.1 - - [18/May/2022 04:14:28] "GET /robots.txt HTTP/1.0" 404 -
127.0.0.1 - - [18/May/2022 04:14:33] "GET /magento_version HTTP/1.0" 404 -
127.0.0.1 - - [18/May/2022 04:14:57] "GET / HTTP/1.0" 404 -
127.0.0.1 - - [18/May/2022 12:55:45] "GET /trm HTTP/1.0" 200 -
127.0.0.1 - - [18/May/2022 12:55:46] "GET /cocoa-contracts HTTP/1.0" 200 -
127.0.0.1 - - [18/May/2022 12:59:20] "GET /trm HTTP/1.0" 200 -
127.0.0.1 - - [18/May/2022 12:59:21] "GET /cocoa-contracts HTTP/1.0" 200 -
127.0.0.1 - - [18/May/2022 12:59:50] "GET /trm HTTP/1.0" 200 -
127.0.0.1 - - [18/May/2022 12:59:51] "GET /cocoa-contracts HTTP/1.0" 200 -
127.0.0.1 - - [18/May/2022 14:06:43] "GET /trm HTTP/1.0" 200 -
127.0.0.1 - - [18/May/2022 14:06:44] "GET /cocoa-contracts HTTP/1.0" 200 -
127.0.0.1 - - [18/May/2022 14:07:12] "GET /trm HTTP/1.0" 200 -
127.0.0.1 - - [18/May/2022 14:07:13] "GET /cocoa-contracts HTTP/1.0" 200 -
127.0.0.1 - - [18/May/2022 14:13:43] "GET /trm HTTP/1.0" 200 -
127.0.0.1 - - [18/May/2022 14:13:44] "GET /cocoa-contracts HTTP/1.0" 200 -
127.0.0.1 - - [18/May/2022 14:13:48] "GET /trm HTTP/1.0" 200 -
127.0.0.1 - - [18/May/2022 14:13:49] "GET /cocoa-contracts HTTP/1.0" 200 -
127.0.0.1 - - [18/May/2022 14:28:03] "GET /trm HTTP/1.0" 200 -
127.0.0.1 - - [18/May/2022 14:28:03] "GET /cocoa-contracts HTTP/1.0" 200 -
127.0.0.1 - - [18/May/2022 14:29:06] "GET /trm HTTP/1.0" 200 -
127.0.0.1 - - [18/May/2022 14:29:07] "GET /cocoa-contracts HTTP/1.0" 200 -
127.0.0.1 - - [18/May/2022 14:32:36] "GET /trm HTTP/1.0" 200 -
127.0.0.1 - - [18/May/2022 14:32:37] "GET /cocoa-contracts HTTP/1.0" 200 -
127.0.0.1 - - [18/May/2022 14:36:11] "GET /trm HTTP/1.0" 200 -
127.0.0.1 - - [18/May/2022 14:36:11] "GET /cocoa-contracts HTTP/1.0" 200 -
127.0.0.1 - - [18/May/2022 14:36:21] "GET /trm HTTP/1.0" 200 -
127.0.0.1 - - [18/May/2022 14:36:23] "GET /cocoa-contracts HTTP/1.0" 200 -
127.0.0.1 - - [18/May/2022 15:19:35] "GET /trm HTTP/1.0" 200 -
127.0.0.1 - - [18/May/2022 15:19:36] "GET /cocoa-contracts HTTP/1.0" 200 -
127.0.0.1 - - [18/May/2022 15:21:27] "GET /trm HTTP/1.0" 200 -
127.0.0.1 - - [18/May/2022 15:21:28] "GET /cocoa-contracts HTTP/1.0" 200 -
127.0.0.1 - - [18/May/2022 16:51:58] "GET /trm HTTP/1.0" 200 -
127.0.0.1 - - [18/May/2022 16:51:59] "GET /cocoa-contracts HTTP/1.0" 200 -
127.0.0.1 - - [18/May/2022 17:37:08] "GET / HTTP/1.0" 404 -
127.0.0.1 - - [18/May/2022 17:58:28] "GET /trm HTTP/1.0" 200 -
127.0.0.1 - - [18/May/2022 17:58:29] "GET /cocoa-contracts HTTP/1.0" 200 -
127.0.0.1 - - [18/May/2022 19:04:46] "GET /trm HTTP/1.0" 200 -
127.0.0.1 - - [18/May/2022 19:04:47] "GET /cocoa-contracts HTTP/1.0" 200 -
127.0.0.1 - - [18/May/2022 20:21:42] "GET /trm HTTP/1.0" 200 -
127.0.0.1 - - [18/May/2022 20:21:43] "GET /cocoa-contracts HTTP/1.0" 200 -
127.0.0.1 - - [18/May/2022 20:25:25] "GET /trm HTTP/1.0" 200 -
127.0.0.1 - - [18/May/2022 20:25:26] "GET /cocoa-contracts HTTP/1.0" 200 -
127.0.0.1 - - [18/May/2022 20:25:52] "GET /trm HTTP/1.0" 200 -
127.0.0.1 - - [18/May/2022 20:25:53] "GET /cocoa-contracts HTTP/1.0" 200 -
127.0.0.1 - - [18/May/2022 20:26:08] "GET /trm HTTP/1.0" 200 -
127.0.0.1 - - [18/May/2022 20:26:10] "GET /cocoa-contracts HTTP/1.0" 200 -
127.0.0.1 - - [18/May/2022 20:35:18] "GET /trm HTTP/1.0" 200 -
127.0.0.1 - - [18/May/2022 20:35:19] "GET /cocoa-contracts HTTP/1.0" 200 -
127.0.0.1 - - [18/May/2022 20:39:33] "GET /trm HTTP/1.0" 200 -
127.0.0.1 - - [18/May/2022 20:39:34] "GET /cocoa-contracts HTTP/1.0" 200 -
127.0.0.1 - - [18/May/2022 21:37:55] "GET /trm HTTP/1.0" 200 -
127.0.0.1 - - [18/May/2022 21:37:56] "GET /cocoa-contracts HTTP/1.0" 200 -
127.0.0.1 - - [18/May/2022 21:38:40] "GET /trm HTTP/1.0" 200 -
127.0.0.1 - - [18/May/2022 21:38:41] "GET /cocoa-contracts HTTP/1.0" 200 -
127.0.0.1 - - [18/May/2022 21:38:46] "GET /trm HTTP/1.0" 200 -
127.0.0.1 - - [18/May/2022 21:38:47] "GET /cocoa-contracts HTTP/1.0" 200 -
127.0.0.1 - - [18/May/2022 21:39:38] "GET /trm HTTP/1.0" 200 -
127.0.0.1 - - [18/May/2022 21:39:39] "GET /cocoa-contracts HTTP/1.0" 200 -
127.0.0.1 - - [18/May/2022 21:41:26] "GET /trm HTTP/1.0" 200 -
127.0.0.1 - - [18/May/2022 21:41:27] "GET /cocoa-contracts HTTP/1.0" 200 -
127.0.0.1 - - [18/May/2022 22:06:35] "GET /trm HTTP/1.0" 200 -
127.0.0.1 - - [18/May/2022 22:06:36] "GET /cocoa-contracts HTTP/1.0" 200 -
127.0.0.1 - - [19/May/2022 04:42:53] "GET /trm HTTP/1.0" 200 -
127.0.0.1 - - [19/May/2022 04:42:54] "GET /cocoa-contracts HTTP/1.0" 200 -
127.0.0.1 - - [19/May/2022 04:43:22] "GET /trm HTTP/1.0" 200 -
127.0.0.1 - - [19/May/2022 04:43:23] "GET /cocoa-contracts HTTP/1.0" 200 -
127.0.0.1 - - [19/May/2022 12:08:41] "GET /trm HTTP/1.0" 200 -
127.0.0.1 - - [19/May/2022 12:08:42] "GET /cocoa-contracts HTTP/1.0" 200 -
127.0.0.1 - - [19/May/2022 13:51:35] "GET /trm HTTP/1.0" 200 -
127.0.0.1 - - [19/May/2022 13:51:36] "GET /cocoa-contracts HTTP/1.0" 200 -
127.0.0.1 - - [19/May/2022 13:51:46] "GET /trm HTTP/1.0" 200 -
127.0.0.1 - - [19/May/2022 13:51:47] "GET /cocoa-contracts HTTP/1.0" 200 -
127.0.0.1 - - [19/May/2022 14:45:40] "GET /trm HTTP/1.0" 200 -
127.0.0.1 - - [19/May/2022 14:45:41] "GET /cocoa-contracts HTTP/1.0" 200 -
127.0.0.1 - - [19/May/2022 15:33:56] "GET /trm HTTP/1.0" 200 -
127.0.0.1 - - [19/May/2022 15:33:57] "GET /cocoa-contracts HTTP/1.0" 200 -
127.0.0.1 - - [19/May/2022 15:56:51] "GET /trm HTTP/1.0" 200 -
127.0.0.1 - - [19/May/2022 15:56:52] "GET /cocoa-contracts HTTP/1.0" 200 -
127.0.0.1 - - [19/May/2022 16:09:35] "GET /trm HTTP/1.0" 200 -
127.0.0.1 - - [19/May/2022 16:09:36] "GET /cocoa-contracts HTTP/1.0" 200 -
127.0.0.1 - - [19/May/2022 16:13:10] "GET /trm HTTP/1.0" 200 -
127.0.0.1 - - [19/May/2022 16:13:11] "GET /cocoa-contracts HTTP/1.0" 200 -
127.0.0.1 - - [19/May/2022 16:17:50] "GET /trm HTTP/1.0" 200 -
127.0.0.1 - - [19/May/2022 16:17:51] "GET /cocoa-contracts HTTP/1.0" 200 -
127.0.0.1 - - [19/May/2022 16:21:21] "GET /trm HTTP/1.0" 200 -
127.0.0.1 - - [19/May/2022 16:21:22] "GET /cocoa-contracts HTTP/1.0" 200 -
127.0.0.1 - - [19/May/2022 16:21:25] "GET /trm HTTP/1.0" 200 -
127.0.0.1 - - [19/May/2022 16:21:26] "GET /cocoa-contracts HTTP/1.0" 200 -
127.0.0.1 - - [19/May/2022 16:28:01] "GET /trm HTTP/1.0" 200 -
127.0.0.1 - - [19/May/2022 16:28:02] "GET /cocoa-contracts HTTP/1.0" 200 -
127.0.0.1 - - [19/May/2022 16:30:54] "GET /trm HTTP/1.0" 200 -
127.0.0.1 - - [19/May/2022 16:30:55] "GET /cocoa-contracts HTTP/1.0" 200 -
127.0.0.1 - - [19/May/2022 16:31:40] "GET /trm HTTP/1.0" 200 -
127.0.0.1 - - [19/May/2022 16:31:40] "GET /cocoa-contracts HTTP/1.0" 200 -
127.0.0.1 - - [19/May/2022 16:32:49] "GET /trm HTTP/1.0" 200 -
127.0.0.1 - - [19/May/2022 16:32:50] "GET /cocoa-contracts HTTP/1.0" 200 -
127.0.0.1 - - [19/May/2022 16:34:45] "GET /trm HTTP/1.0" 200 -
127.0.0.1 - - [19/May/2022 16:34:46] "GET /cocoa-contracts HTTP/1.0" 200 -
127.0.0.1 - - [19/May/2022 16:36:39] "GET /trm HTTP/1.0" 200 -
127.0.0.1 - - [19/May/2022 16:36:40] "GET /cocoa-contracts HTTP/1.0" 200 -
127.0.0.1 - - [19/May/2022 16:37:58] "GET /trm HTTP/1.0" 200 -
127.0.0.1 - - [19/May/2022 16:37:59] "GET /cocoa-contracts HTTP/1.0" 200 -
127.0.0.1 - - [19/May/2022 16:39:35] "GET /trm HTTP/1.0" 200 -
127.0.0.1 - - [19/May/2022 16:39:36] "GET /cocoa-contracts HTTP/1.0" 200 -
127.0.0.1 - - [19/May/2022 16:44:52] "GET /trm HTTP/1.0" 200 -
127.0.0.1 - - [19/May/2022 16:44:53] "GET /cocoa-contracts HTTP/1.0" 200 -
127.0.0.1 - - [19/May/2022 16:46:06] "GET /trm HTTP/1.0" 200 -
127.0.0.1 - - [19/May/2022 16:46:07] "GET /cocoa-contracts HTTP/1.0" 200 -
127.0.0.1 - - [19/May/2022 16:48:58] "GET /trm HTTP/1.0" 200 -
127.0.0.1 - - [19/May/2022 16:49:00] "GET /cocoa-contracts HTTP/1.0" 200 -
127.0.0.1 - - [19/May/2022 16:51:21] "GET /trm HTTP/1.0" 200 -
127.0.0.1 - - [19/May/2022 16:51:22] "GET /cocoa-contracts HTTP/1.0" 200 -
127.0.0.1 - - [19/May/2022 17:34:09] "GET /trm HTTP/1.0" 200 -
127.0.0.1 - - [19/May/2022 17:34:10] "GET /cocoa-contracts HTTP/1.0" 200 -
127.0.0.1 - - [19/May/2022 17:38:50] "GET /trm HTTP/1.0" 200 -
127.0.0.1 - - [19/May/2022 17:38:51] "GET /cocoa-contracts HTTP/1.0" 200 -
127.0.0.1 - - [19/May/2022 19:17:05] "GET /trm HTTP/1.0" 200 -
127.0.0.1 - - [19/May/2022 19:17:05] "GET /trm HTTP/1.0" 200 -
127.0.0.1 - - [19/May/2022 19:17:05] "GET /favicon.ico HTTP/1.0" 404 -
127.0.0.1 - - [19/May/2022 19:17:05] "GET /favicon.ico HTTP/1.0" 404 -
127.0.0.1 - - [19/May/2022 19:17:06] "GET /cocoa-contracts HTTP/1.0" 200 -
127.0.0.1 - - [19/May/2022 19:17:06] "GET /favicon.ico HTTP/1.0" 404 -
127.0.0.1 - - [19/May/2022 19:17:07] "GET /cocoa-contracts HTTP/1.0" 200 -
127.0.0.1 - - [19/May/2022 19:17:07] "GET /favicon.ico HTTP/1.0" 404 -
127.0.0.1 - - [19/May/2022 19:33:49] "GET /trm HTTP/1.0" 200 -
127.0.0.1 - - [19/May/2022 19:33:50] "GET /cocoa-contracts HTTP/1.0" 200 -
127.0.0.1 - - [19/May/2022 19:58:49] "GET /trm HTTP/1.0" 200 -
127.0.0.1 - - [19/May/2022 19:58:50] "GET /cocoa-contracts HTTP/1.0" 200 -
127.0.0.1 - - [19/May/2022 20:18:35] "GET /trm HTTP/1.0" 200 -
127.0.0.1 - - [19/May/2022 20:18:36] "GET /cocoa-contracts HTTP/1.0" 200 -
127.0.0.1 - - [19/May/2022 20:27:25] "GET /trm HTTP/1.0" 200 -
127.0.0.1 - - [19/May/2022 20:27:25] "GET /cocoa-contracts HTTP/1.0" 200 -
127.0.0.1 - - [19/May/2022 21:02:19] "GET /trm HTTP/1.0" 200 -
127.0.0.1 - - [19/May/2022 21:02:20] "GET /cocoa-contracts HTTP/1.0" 200 -
127.0.0.1 - - [19/May/2022 21:09:48] "GET /trm HTTP/1.0" 200 -
127.0.0.1 - - [19/May/2022 21:09:49] "GET /cocoa-contracts HTTP/1.0" 200 -
127.0.0.1 - - [19/May/2022 21:10:21] "GET /trm HTTP/1.0" 200 -
127.0.0.1 - - [19/May/2022 21:10:22] "GET /cocoa-contracts HTTP/1.0" 200 -
127.0.0.1 - - [19/May/2022 21:20:59] "GET /trm HTTP/1.0" 200 -
127.0.0.1 - - [19/May/2022 21:21:00] "GET /cocoa-contracts HTTP/1.0" 200 -
127.0.0.1 - - [19/May/2022 21:23:08] "GET /trm HTTP/1.0" 200 -
127.0.0.1 - - [19/May/2022 21:23:09] "GET /cocoa-contracts HTTP/1.0" 200 -
127.0.0.1 - - [19/May/2022 21:23:13] "GET /trm HTTP/1.0" 200 -
127.0.0.1 - - [19/May/2022 21:23:14] "GET /cocoa-contracts HTTP/1.0" 200 -
127.0.0.1 - - [20/May/2022 12:44:49] "GET /trm HTTP/1.0" 200 -
127.0.0.1 - - [20/May/2022 12:44:50] "GET /cocoa-contracts HTTP/1.0" 200 -
127.0.0.1 - - [20/May/2022 13:47:28] "GET /trm HTTP/1.0" 200 -
127.0.0.1 - - [20/May/2022 13:47:29] "GET /cocoa-contracts HTTP/1.0" 200 -
127.0.0.1 - - [20/May/2022 13:47:45] "GET /trm HTTP/1.0" 200 -
127.0.0.1 - - [20/May/2022 13:47:46] "GET /cocoa-contracts HTTP/1.0" 200 -
127.0.0.1 - - [20/May/2022 13:59:25] "GET /trm HTTP/1.0" 200 -
127.0.0.1 - - [20/May/2022 13:59:26] "GET /cocoa-contracts HTTP/1.0" 200 -
127.0.0.1 - - [20/May/2022 14:05:46] "GET /cocoa-contracts HTTP/1.0" 200 -
127.0.0.1 - - [20/May/2022 14:05:47] "GET /favicon.ico HTTP/1.0" 404 -
127.0.0.1 - - [20/May/2022 14:06:07] "GET /cocoa-contracts HTTP/1.0" 200 -
127.0.0.1 - - [20/May/2022 14:06:07] "GET /favicon.ico HTTP/1.0" 404 -
127.0.0.1 - - [20/May/2022 14:27:07] "GET /cocoa-contracts HTTP/1.0" 200 -
127.0.0.1 - - [20/May/2022 14:31:41] "GET /cocoa-contracts HTTP/1.0" 200 -
127.0.0.1 - - [20/May/2022 14:32:04] "GET /cocoa-contracts HTTP/1.0" 200 -
127.0.0.1 - - [20/May/2022 14:33:10] "GET /cocoa-contracts HTTP/1.0" 200 -
127.0.0.1 - - [20/May/2022 14:47:40] "GET /cocoa-contracts HTTP/1.0" 200 -
127.0.0.1 - - [20/May/2022 14:49:34] "GET /cocoa-contracts HTTP/1.0" 200 -
127.0.0.1 - - [20/May/2022 14:50:29] "GET /cocoa-contracts HTTP/1.0" 200 -
127.0.0.1 - - [20/May/2022 14:50:56] "GET /cocoa-contracts HTTP/1.0" 200 -
127.0.0.1 - - [20/May/2022 14:51:08] "GET /cocoa-contracts HTTP/1.0" 200 -
127.0.0.1 - - [20/May/2022 14:51:17] "GET /cocoa-contracts HTTP/1.0" 200 -
127.0.0.1 - - [20/May/2022 14:51:26] "GET /cocoa-contracts HTTP/1.0" 200 -
127.0.0.1 - - [20/May/2022 14:51:33] "GET /cocoa-contracts HTTP/1.0" 200 -
127.0.0.1 - - [20/May/2022 14:56:04] "GET /cocoa-contracts HTTP/1.0" 200 -
127.0.0.1 - - [20/May/2022 14:56:32] "GET /cocoa-contracts HTTP/1.0" 200 -
127.0.0.1 - - [20/May/2022 14:57:06] "GET /cocoa-contracts HTTP/1.0" 200 -
127.0.0.1 - - [20/May/2022 14:57:11] "GET /cocoa-contracts HTTP/1.0" 200 -
127.0.0.1 - - [20/May/2022 14:57:23] "GET /cocoa-contracts HTTP/1.0" 200 -
127.0.0.1 - - [20/May/2022 14:58:03] "GET /cocoa-contracts HTTP/1.0" 200 -
127.0.0.1 - - [20/May/2022 14:58:24] "GET /cocoa-contracts HTTP/1.0" 200 -
127.0.0.1 - - [20/May/2022 14:58:27] "GET /cocoa-contracts HTTP/1.0" 200 -
127.0.0.1 - - [20/May/2022 15:00:55] "GET /cocoa-contracts HTTP/1.0" 200 -
127.0.0.1 - - [20/May/2022 15:01:01] "GET /cocoa-contracts HTTP/1.0" 200 -
127.0.0.1 - - [20/May/2022 15:01:07] "GET /cocoa-contracts HTTP/1.0" 200 -
127.0.0.1 - - [20/May/2022 15:01:29] "GET /cocoa-contracts HTTP/1.0" 200 -
127.0.0.1 - - [20/May/2022 15:01:35] "GET /cocoa-contracts HTTP/1.0" 200 -
127.0.0.1 - - [20/May/2022 15:01:40] "GET /cocoa-contracts HTTP/1.0" 200 -
127.0.0.1 - - [20/May/2022 15:01:43] "GET /cocoa-contracts HTTP/1.0" 200 -
127.0.0.1 - - [20/May/2022 15:02:03] "GET /cocoa-contracts HTTP/1.0" 200 -
127.0.0.1 - - [20/May/2022 15:02:23] "GET /cocoa-contracts HTTP/1.0" 200 -
127.0.0.1 - - [20/May/2022 15:02:43] "GET /cocoa-contracts HTTP/1.0" 200 -
127.0.0.1 - - [20/May/2022 15:04:34] "GET /cocoa-contracts HTTP/1.0" 200 -
127.0.0.1 - - [20/May/2022 15:04:54] "GET /cocoa-contracts HTTP/1.0" 200 -
127.0.0.1 - - [20/May/2022 15:04:59] "GET /cocoa-contracts HTTP/1.0" 200 -
127.0.0.1 - - [20/May/2022 15:05:39] "GET /cocoa-contracts HTTP/1.0" 200 -
127.0.0.1 - - [20/May/2022 15:07:27] "GET /cocoa-contracts HTTP/1.0" 200 -
127.0.0.1 - - [20/May/2022 15:07:47] "GET /cocoa-contracts HTTP/1.0" 200 -
127.0.0.1 - - [20/May/2022 15:08:02] "GET /cocoa-contracts HTTP/1.0" 200 -
127.0.0.1 - - [20/May/2022 15:08:31] "GET /cocoa-contracts HTTP/1.0" 200 -
127.0.0.1 - - [20/May/2022 15:08:52] "GET /cocoa-contracts HTTP/1.0" 200 -
127.0.0.1 - - [20/May/2022 15:09:49] "GET /cocoa-contracts HTTP/1.0" 200 -
127.0.0.1 - - [20/May/2022 15:10:53] "GET /cocoa-contracts HTTP/1.0" 200 -
127.0.0.1 - - [20/May/2022 15:11:18] "GET /cocoa-contracts HTTP/1.0" 200 -
127.0.0.1 - - [20/May/2022 15:11:42] "GET /cocoa-contracts HTTP/1.0" 200 -
127.0.0.1 - - [20/May/2022 15:11:57] "GET /cocoa-contracts HTTP/1.0" 200 -
127.0.0.1 - - [20/May/2022 15:12:29] "GET /cocoa-contracts HTTP/1.0" 200 -
127.0.0.1 - - [20/May/2022 15:12:41] "GET /cocoa-contracts HTTP/1.0" 200 -
127.0.0.1 - - [20/May/2022 15:14:13] "GET /cocoa-contracts HTTP/1.0" 200 -
127.0.0.1 - - [20/May/2022 15:14:52] "GET /cocoa-contracts HTTP/1.0" 200 -
127.0.0.1 - - [20/May/2022 15:15:00] "GET /cocoa-contracts HTTP/1.0" 200 -
127.0.0.1 - - [20/May/2022 15:15:14] "GET /cocoa-contracts HTTP/1.0" 200 -
127.0.0.1 - - [20/May/2022 15:15:34] "GET /cocoa-contracts HTTP/1.0" 200 -
127.0.0.1 - - [20/May/2022 15:16:21] "GET /cocoa-contracts HTTP/1.0" 200 -
127.0.0.1 - - [20/May/2022 15:16:27] "GET /cocoa-contracts HTTP/1.0" 200 -
127.0.0.1 - - [20/May/2022 15:17:05] "GET /cocoa-contracts HTTP/1.0" 200 -
127.0.0.1 - - [20/May/2022 15:17:13] "GET /cocoa-contracts HTTP/1.0" 200 -
127.0.0.1 - - [20/May/2022 15:19:11] "GET /cocoa-contracts HTTP/1.0" 200 -
127.0.0.1 - - [20/May/2022 15:19:33] "GET /cocoa-contracts HTTP/1.0" 200 -
127.0.0.1 - - [20/May/2022 15:19:48] "GET /cocoa-contracts HTTP/1.0" 200 -
127.0.0.1 - - [20/May/2022 15:19:57] "GET /cocoa-contracts HTTP/1.0" 200 -
127.0.0.1 - - [20/May/2022 15:20:14] "GET /cocoa-contracts HTTP/1.0" 200 -
127.0.0.1 - - [20/May/2022 15:20:30] "GET /cocoa-contracts HTTP/1.0" 200 -
127.0.0.1 - - [20/May/2022 15:20:41] "GET /cocoa-contracts HTTP/1.0" 200 -
127.0.0.1 - - [20/May/2022 15:20:43] "GET /cocoa-contracts HTTP/1.0" 200 -
127.0.0.1 - - [20/May/2022 15:21:33] "GET /cocoa-contracts HTTP/1.0" 200 -
127.0.0.1 - - [20/May/2022 15:21:54] "GET /cocoa-contracts HTTP/1.0" 200 -
127.0.0.1 - - [20/May/2022 15:22:29] "GET /cocoa-contracts HTTP/1.0" 200 -
127.0.0.1 - - [20/May/2022 15:22:52] "GET /cocoa-contracts HTTP/1.0" 200 -
127.0.0.1 - - [20/May/2022 15:23:02] "GET /cocoa-contracts HTTP/1.0" 200 -
127.0.0.1 - - [20/May/2022 15:23:27] "GET /cocoa-contracts HTTP/1.0" 200 -
127.0.0.1 - - [20/May/2022 15:24:31] "GET /cocoa-contracts HTTP/1.0" 200 -
127.0.0.1 - - [20/May/2022 15:24:49] "GET /cocoa-contracts HTTP/1.0" 200 -
127.0.0.1 - - [20/May/2022 15:24:53] "GET /cocoa-contracts HTTP/1.0" 200 -
127.0.0.1 - - [20/May/2022 15:25:11] "GET /cocoa-contracts HTTP/1.0" 200 -
127.0.0.1 - - [20/May/2022 15:25:16] "GET /cocoa-contracts HTTP/1.0" 200 -
127.0.0.1 - - [20/May/2022 15:25:28] "GET /cocoa-contracts HTTP/1.0" 200 -
127.0.0.1 - - [20/May/2022 15:25:59] "GET /cocoa-contracts HTTP/1.0" 200 -
127.0.0.1 - - [20/May/2022 15:26:09] "GET /cocoa-contracts HTTP/1.0" 200 -
127.0.0.1 - - [20/May/2022 15:26:17] "GET /cocoa-contracts HTTP/1.0" 200 -
127.0.0.1 - - [20/May/2022 15:26:29] "GET /cocoa-contracts HTTP/1.0" 200 -
127.0.0.1 - - [20/May/2022 15:26:34] "GET /cocoa-contracts HTTP/1.0" 200 -
127.0.0.1 - - [20/May/2022 15:26:43] "GET /cocoa-contracts HTTP/1.0" 200 -
127.0.0.1 - - [20/May/2022 15:27:11] "GET /cocoa-contracts HTTP/1.0" 200 -
127.0.0.1 - - [20/May/2022 15:27:40] "GET /cocoa-contracts HTTP/1.0" 200 -
127.0.0.1 - - [20/May/2022 15:27:54] "GET /cocoa-contracts HTTP/1.0" 200 -
127.0.0.1 - - [20/May/2022 15:28:00] "GET /cocoa-contracts HTTP/1.0" 200 -
127.0.0.1 - - [20/May/2022 15:28:03] "GET /cocoa-contracts HTTP/1.0" 200 -
127.0.0.1 - - [20/May/2022 15:28:14] "GET /cocoa-contracts HTTP/1.0" 200 -
127.0.0.1 - - [20/May/2022 15:28:21] "GET /cocoa-contracts HTTP/1.0" 200 -
127.0.0.1 - - [20/May/2022 15:28:27] "GET /cocoa-contracts HTTP/1.0" 200 -
127.0.0.1 - - [20/May/2022 15:28:37] "GET /cocoa-contracts HTTP/1.0" 200 -
127.0.0.1 - - [20/May/2022 15:28:46] "GET /cocoa-contracts HTTP/1.0" 200 -
127.0.0.1 - - [20/May/2022 15:29:04] "GET /cocoa-contracts HTTP/1.0" 200 -
127.0.0.1 - - [20/May/2022 15:29:30] "GET /cocoa-contracts HTTP/1.0" 200 -
127.0.0.1 - - [20/May/2022 15:30:21] "GET /cocoa-contracts HTTP/1.0" 200 -
127.0.0.1 - - [20/May/2022 15:31:28] "GET /cocoa-contracts HTTP/1.0" 200 -
127.0.0.1 - - [20/May/2022 15:31:33] "GET /cocoa-contracts HTTP/1.0" 200 -
127.0.0.1 - - [20/May/2022 15:32:35] "GET /cocoa-contracts HTTP/1.0" 200 -
127.0.0.1 - - [20/May/2022 15:34:38] "GET /cocoa-contracts HTTP/1.0" 200 -
127.0.0.1 - - [20/May/2022 15:34:44] "GET /cocoa-contracts HTTP/1.0" 200 -
127.0.0.1 - - [20/May/2022 15:35:06] "GET /cocoa-contracts HTTP/1.0" 200 -
127.0.0.1 - - [20/May/2022 15:35:35] "GET /cocoa-contracts HTTP/1.0" 200 -
127.0.0.1 - - [20/May/2022 15:35:36] "GET /cocoa-contracts HTTP/1.0" 200 -
127.0.0.1 - - [20/May/2022 15:36:28] "GET /cocoa-contracts HTTP/1.0" 200 -
127.0.0.1 - - [20/May/2022 15:36:42] "GET /cocoa-contracts HTTP/1.0" 200 -
127.0.0.1 - - [20/May/2022 15:36:47] "GET /cocoa-contracts HTTP/1.0" 200 -
127.0.0.1 - - [20/May/2022 15:37:21] "GET /cocoa-contracts HTTP/1.0" 200 -
127.0.0.1 - - [20/May/2022 15:37:31] "GET /cocoa-contracts HTTP/1.0" 200 -
127.0.0.1 - - [20/May/2022 15:38:04] "GET /cocoa-contracts HTTP/1.0" 200 -
127.0.0.1 - - [20/May/2022 15:38:09] "GET /cocoa-contracts HTTP/1.0" 200 -
127.0.0.1 - - [20/May/2022 15:38:25] "GET /cocoa-contracts HTTP/1.0" 200 -
127.0.0.1 - - [20/May/2022 15:38:53] "GET /cocoa-contracts HTTP/1.0" 200 -
127.0.0.1 - - [20/May/2022 15:40:08] "GET /cocoa-contracts HTTP/1.0" 200 -
127.0.0.1 - - [20/May/2022 15:40:14] "GET /cocoa-contracts HTTP/1.0" 200 -
127.0.0.1 - - [20/May/2022 15:40:19] "GET /cocoa-contracts HTTP/1.0" 200 -
127.0.0.1 - - [20/May/2022 15:40:35] "GET /cocoa-contracts HTTP/1.0" 200 -
127.0.0.1 - - [20/May/2022 15:47:31] "GET /cocoa-contracts HTTP/1.0" 200 -
127.0.0.1 - - [20/May/2022 15:48:18] "GET /cocoa-contracts HTTP/1.0" 200 -
127.0.0.1 - - [20/May/2022 15:48:28] "GET /cocoa-contracts HTTP/1.0" 200 -
127.0.0.1 - - [20/May/2022 15:48:48] "GET /cocoa-contracts HTTP/1.0" 200 -
127.0.0.1 - - [20/May/2022 15:48:59] "GET /cocoa-contracts HTTP/1.0" 200 -
127.0.0.1 - - [20/May/2022 15:49:09] "GET /cocoa-contracts HTTP/1.0" 200 -
127.0.0.1 - - [20/May/2022 15:49:53] "GET /cocoa-contracts HTTP/1.0" 200 -
127.0.0.1 - - [20/May/2022 15:49:54] "GET /cocoa-contracts HTTP/1.0" 200 -
127.0.0.1 - - [20/May/2022 15:49:58] "GET /cocoa-contracts HTTP/1.0" 200 -
127.0.0.1 - - [20/May/2022 15:50:03] "GET /cocoa-contracts HTTP/1.0" 200 -
127.0.0.1 - - [20/May/2022 15:52:09] "GET /cocoa-contracts HTTP/1.0" 200 -
127.0.0.1 - - [20/May/2022 15:52:50] "GET /cocoa-contracts HTTP/1.0" 200 -
127.0.0.1 - - [20/May/2022 15:54:06] "GET /cocoa-contracts HTTP/1.0" 200 -
127.0.0.1 - - [20/May/2022 15:56:11] "GET /cocoa-contracts HTTP/1.0" 200 -
127.0.0.1 - - [20/May/2022 15:56:24] "GET /cocoa-contracts HTTP/1.0" 200 -
127.0.0.1 - - [20/May/2022 15:57:28] "GET /cocoa-contracts HTTP/1.0" 200 -
127.0.0.1 - - [20/May/2022 15:58:28] "GET /cocoa-contracts HTTP/1.0" 200 -
127.0.0.1 - - [20/May/2022 15:58:41] "GET /cocoa-contracts HTTP/1.0" 200 -
127.0.0.1 - - [20/May/2022 15:58:51] "GET /cocoa-contracts HTTP/1.0" 200 -
127.0.0.1 - - [20/May/2022 15:59:05] "GET /cocoa-contracts HTTP/1.0" 200 -
127.0.0.1 - - [20/May/2022 15:59:51] "GET /cocoa-contracts HTTP/1.0" 200 -
127.0.0.1 - - [20/May/2022 16:01:33] "GET /cocoa-contracts HTTP/1.0" 200 -
127.0.0.1 - - [20/May/2022 16:01:40] "GET /cocoa-contracts HTTP/1.0" 200 -
127.0.0.1 - - [20/May/2022 16:02:27] "GET /cocoa-contracts HTTP/1.0" 200 -
127.0.0.1 - - [20/May/2022 16:03:59] "GET /cocoa-contracts HTTP/1.0" 200 -
127.0.0.1 - - [20/May/2022 16:06:05] "GET /cocoa-contracts HTTP/1.0" 200 -
127.0.0.1 - - [20/May/2022 16:07:15] "GET /cocoa-contracts HTTP/1.0" 200 -
127.0.0.1 - - [20/May/2022 16:07:56] "GET /cocoa-contracts HTTP/1.0" 200 -
127.0.0.1 - - [20/May/2022 16:07:58] "GET /cocoa-contracts HTTP/1.0" 200 -
127.0.0.1 - - [20/May/2022 16:09:26] "GET /cocoa-contracts HTTP/1.0" 200 -
127.0.0.1 - - [20/May/2022 16:10:39] "GET /cocoa-contracts HTTP/1.0" 200 -
127.0.0.1 - - [20/May/2022 16:11:41] "GET /cocoa-contracts HTTP/1.0" 200 -
127.0.0.1 - - [20/May/2022 16:11:56] "GET /cocoa-contracts HTTP/1.0" 200 -
127.0.0.1 - - [20/May/2022 16:12:15] "GET /cocoa-contracts HTTP/1.0" 200 -
127.0.0.1 - - [20/May/2022 16:12:18] "GET /cocoa-contracts HTTP/1.0" 200 -
127.0.0.1 - - [20/May/2022 16:12:30] "GET /cocoa-contracts HTTP/1.0" 200 -
127.0.0.1 - - [20/May/2022 16:14:06] "GET /cocoa-contracts HTTP/1.0" 200 -
127.0.0.1 - - [20/May/2022 16:14:27] "GET /cocoa-contracts HTTP/1.0" 200 -
127.0.0.1 - - [20/May/2022 16:14:48] "GET /cocoa-contracts HTTP/1.0" 200 -
127.0.0.1 - - [20/May/2022 16:14:49] "GET /cocoa-contracts HTTP/1.0" 200 -
127.0.0.1 - - [20/May/2022 16:14:52] "GET /cocoa-contracts HTTP/1.0" 200 -
127.0.0.1 - - [20/May/2022 16:14:54] "GET /cocoa-contracts HTTP/1.0" 200 -
127.0.0.1 - - [20/May/2022 16:15:00] "GET /cocoa-contracts HTTP/1.0" 200 -
127.0.0.1 - - [20/May/2022 16:15:35] "GET /cocoa-contracts HTTP/1.0" 200 -
127.0.0.1 - - [20/May/2022 16:15:55] "GET /cocoa-contracts HTTP/1.0" 200 -
127.0.0.1 - - [20/May/2022 16:16:11] "GET /cocoa-contracts HTTP/1.0" 200 -
127.0.0.1 - - [20/May/2022 16:16:48] "GET /cocoa-contracts HTTP/1.0" 200 -
127.0.0.1 - - [20/May/2022 16:16:57] "GET /cocoa-contracts HTTP/1.0" 200 -
127.0.0.1 - - [20/May/2022 16:17:30] "GET /cocoa-contracts HTTP/1.0" 200 -
127.0.0.1 - - [20/May/2022 16:17:32] "GET /cocoa-contracts HTTP/1.0" 200 -
127.0.0.1 - - [20/May/2022 16:17:47] "GET /cocoa-contracts HTTP/1.0" 200 -
127.0.0.1 - - [20/May/2022 18:18:41] "GET /cocoa-contracts HTTP/1.0" 200 -
127.0.0.1 - - [20/May/2022 18:18:42] "GET /favicon.ico HTTP/1.0" 404 -
127.0.0.1 - - [20/May/2022 18:18:42] "GET /cocoa-contracts HTTP/1.0" 200 -
127.0.0.1 - - [20/May/2022 18:18:43] "GET /favicon.ico HTTP/1.0" 404 -
127.0.0.1 - - [20/May/2022 18:28:06] "GET /cocoa-contracts HTTP/1.0" 200 -
127.0.0.1 - - [20/May/2022 18:28:06] "GET /favicon.ico HTTP/1.0" 404 -
127.0.0.1 - - [20/May/2022 19:11:48] "GET /cocoa-contracts HTTP/1.0" 200 -
127.0.0.1 - - [20/May/2022 19:11:49] "GET /favicon.ico HTTP/1.0" 404 -
127.0.0.1 - - [20/May/2022 19:11:59] "GET /robots.txt HTTP/1.0" 404 -
127.0.0.1 - - [20/May/2022 19:12:01] "GET /cocoa-contracts HTTP/1.0" 200 -
127.0.0.1 - - [20/May/2022 19:12:01] "GET /favicon.ico HTTP/1.0" 404 -
127.0.0.1 - - [20/May/2022 19:33:32] "GET /cocoa-contracts HTTP/1.0" 200 -
127.0.0.1 - - [20/May/2022 19:36:55] "GET /cocoa-contracts HTTP/1.0" 200 -
127.0.0.1 - - [20/May/2022 19:41:02] "GET /cocoa-contracts HTTP/1.0" 200 -
127.0.0.1 - - [20/May/2022 19:43:07] "GET /cocoa-contracts HTTP/1.0" 200 -
127.0.0.1 - - [20/May/2022 19:43:28] "GET /cocoa-contracts HTTP/1.0" 200 -
127.0.0.1 - - [20/May/2022 19:43:44] "GET /cocoa-contracts HTTP/1.0" 200 -
127.0.0.1 - - [20/May/2022 19:44:15] "GET / HTTP/1.0" 404 -
127.0.0.1 - - [20/May/2022 19:44:15] "GET /favicon.ico HTTP/1.0" 404 -
127.0.0.1 - - [20/May/2022 19:44:18] "GET /cocoa-contracts HTTP/1.0" 200 -
127.0.0.1 - - [20/May/2022 19:44:26] "GET /cocoa-contracts HTTP/1.0" 200 -
127.0.0.1 - - [20/May/2022 19:44:30] "GET /cocoa-contracts HTTP/1.0" 200 -
127.0.0.1 - - [20/May/2022 19:44:35] "GET /cocoa-contracts HTTP/1.0" 200 -
127.0.0.1 - - [20/May/2022 19:44:38] "GET /cocoa-contracts HTTP/1.0" 200 -
127.0.0.1 - - [20/May/2022 19:44:41] "GET /cocoa-contracts HTTP/1.0" 200 -
127.0.0.1 - - [20/May/2022 19:45:22] "GET /cocoa-contracts HTTP/1.0" 200 -
127.0.0.1 - - [20/May/2022 19:45:27] "GET /cocoa-contracts HTTP/1.0" 200 -
127.0.0.1 - - [20/May/2022 19:45:30] "GET /cocoa-contracts HTTP/1.0" 200 -
127.0.0.1 - - [20/May/2022 19:45:35] "GET /cocoa-contracts HTTP/1.0" 200 -
127.0.0.1 - - [20/May/2022 19:45:38] "GET /cocoa-contracts HTTP/1.0" 200 -
127.0.0.1 - - [20/May/2022 19:45:42] "GET /cocoa-contracts HTTP/1.0" 200 -
127.0.0.1 - - [20/May/2022 19:46:07] "GET /cocoa-contracts HTTP/1.0" 200 -
127.0.0.1 - - [20/May/2022 19:46:31] "GET /cocoa-contracts HTTP/1.0" 200 -
127.0.0.1 - - [20/May/2022 19:46:51] "GET /cocoa-contracts HTTP/1.0" 200 -
127.0.0.1 - - [20/May/2022 19:46:56] "GET /cocoa-contracts HTTP/1.0" 200 -
127.0.0.1 - - [20/May/2022 19:47:06] "GET /cocoa-contracts HTTP/1.0" 200 -
127.0.0.1 - - [20/May/2022 19:47:23] "GET /cocoa-contracts HTTP/1.0" 200 -
127.0.0.1 - - [20/May/2022 19:49:12] "GET /cocoa-contracts HTTP/1.0" 200 -
127.0.0.1 - - [20/May/2022 19:49:24] "GET /cocoa-contracts HTTP/1.0" 200 -
127.0.0.1 - - [20/May/2022 19:49:41] "GET /cocoa-contracts HTTP/1.0" 200 -
127.0.0.1 - - [20/May/2022 19:50:23] "GET /cocoa-contracts HTTP/1.0" 200 -
127.0.0.1 - - [20/May/2022 19:51:57] "GET /cocoa-contracts HTTP/1.0" 200 -
127.0.0.1 - - [20/May/2022 19:52:01] "GET /cocoa-contracts HTTP/1.0" 200 -
127.0.0.1 - - [20/May/2022 19:53:07] "GET /cocoa-contracts HTTP/1.0" 200 -
127.0.0.1 - - [20/May/2022 19:53:13] "GET /cocoa-contracts HTTP/1.0" 200 -
127.0.0.1 - - [20/May/2022 19:53:31] "GET /cocoa-contracts HTTP/1.0" 200 -
127.0.0.1 - - [20/May/2022 19:54:24] "GET /cocoa-contracts HTTP/1.0" 200 -
127.0.0.1 - - [20/May/2022 19:55:12] "GET /cocoa-contracts HTTP/1.0" 200 -
127.0.0.1 - - [20/May/2022 19:55:12] "GET /cocoa-contracts HTTP/1.0" 200 -
127.0.0.1 - - [20/May/2022 19:56:22] "GET /cocoa-contracts HTTP/1.0" 200 -
127.0.0.1 - - [20/May/2022 19:56:26] "GET /cocoa-contracts HTTP/1.0" 200 -
127.0.0.1 - - [20/May/2022 19:56:57] "GET /cocoa-contracts HTTP/1.0" 200 -
127.0.0.1 - - [20/May/2022 19:57:13] "GET /cocoa-contracts HTTP/1.0" 200 -
127.0.0.1 - - [20/May/2022 19:57:13] "GET /cocoa-contracts HTTP/1.0" 200 -
127.0.0.1 - - [20/May/2022 19:57:19] "GET /cocoa-contracts HTTP/1.0" 200 -
127.0.0.1 - - [20/May/2022 19:57:27] "GET /cocoa-contracts HTTP/1.0" 200 -
127.0.0.1 - - [20/May/2022 19:57:27] "GET /cocoa-contracts HTTP/1.0" 200 -
127.0.0.1 - - [20/May/2022 19:58:06] "GET /cocoa-contracts HTTP/1.0" 200 -
127.0.0.1 - - [20/May/2022 19:58:19] "GET /cocoa-contracts HTTP/1.0" 200 -
127.0.0.1 - - [20/May/2022 19:58:40] "GET /cocoa-contracts HTTP/1.0" 200 -
127.0.0.1 - - [20/May/2022 19:59:31] "GET /cocoa-contracts HTTP/1.0" 200 -
127.0.0.1 - - [20/May/2022 19:59:48] "GET /cocoa-contracts HTTP/1.0" 200 -
127.0.0.1 - - [20/May/2022 20:00:21] "GET /cocoa-contracts HTTP/1.0" 200 -
127.0.0.1 - - [20/May/2022 20:01:09] "GET /cocoa-contracts HTTP/1.0" 200 -
127.0.0.1 - - [20/May/2022 20:02:47] "GET /cocoa-contracts HTTP/1.0" 200 -
127.0.0.1 - - [20/May/2022 20:02:47] "GET /cocoa-contracts HTTP/1.0" 200 -
127.0.0.1 - - [20/May/2022 20:03:19] "GET /cocoa-contracts HTTP/1.0" 200 -
127.0.0.1 - - [20/May/2022 20:03:24] "GET /cocoa-contracts HTTP/1.0" 200 -
127.0.0.1 - - [20/May/2022 20:03:37] "GET /cocoa-contracts HTTP/1.0" 200 -
127.0.0.1 - - [20/May/2022 20:03:37] "GET /favicon.ico HTTP/1.0" 404 -
127.0.0.1 - - [20/May/2022 20:05:40] "GET /cocoa-contracts HTTP/1.0" 200 -
127.0.0.1 - - [20/May/2022 20:07:11] "GET /cocoa-contracts HTTP/1.0" 200 -
127.0.0.1 - - [20/May/2022 20:09:55] "GET /cocoa-contracts HTTP/1.0" 200 -
127.0.0.1 - - [20/May/2022 20:10:22] "GET /cocoa-contracts HTTP/1.0" 200 -
127.0.0.1 - - [20/May/2022 20:10:25] "GET /cocoa-contracts HTTP/1.0" 200 -
127.0.0.1 - - [20/May/2022 20:12:59] "GET /cocoa-contracts HTTP/1.0" 200 -
127.0.0.1 - - [20/May/2022 20:19:27] "GET /cocoa-contracts HTTP/1.0" 200 -
127.0.0.1 - - [20/May/2022 20:19:35] "GET /cocoa-contracts HTTP/1.0" 200 -
127.0.0.1 - - [20/May/2022 20:21:36] "GET /cocoa-contracts HTTP/1.0" 200 -
127.0.0.1 - - [20/May/2022 20:21:38] "GET /cocoa-contracts HTTP/1.0" 200 -
127.0.0.1 - - [20/May/2022 20:23:10] "GET /cocoa-contracts HTTP/1.0" 200 -
127.0.0.1 - - [20/May/2022 20:28:06] "GET /cocoa-contracts HTTP/1.0" 200 -
127.0.0.1 - - [20/May/2022 20:33:08] "GET /cocoa-contracts HTTP/1.0" 200 -
127.0.0.1 - - [20/May/2022 20:33:08] "GET /cocoa-contracts HTTP/1.0" 200 -
127.0.0.1 - - [20/May/2022 20:33:16] "GET /cocoa-contracts HTTP/1.0" 200 -
127.0.0.1 - - [20/May/2022 20:36:36] "GET /cocoa-contracts HTTP/1.0" 200 -
127.0.0.1 - - [20/May/2022 20:37:09] "GET /cocoa-contracts HTTP/1.0" 200 -
127.0.0.1 - - [20/May/2022 20:37:09] "GET /cocoa-contracts HTTP/1.0" 200 -
127.0.0.1 - - [20/May/2022 20:37:53] "GET /cocoa-contracts HTTP/1.0" 200 -
127.0.0.1 - - [20/May/2022 20:38:13] "GET /cocoa-contracts HTTP/1.0" 200 -
127.0.0.1 - - [20/May/2022 20:38:31] "GET /cocoa-contracts HTTP/1.0" 200 -
127.0.0.1 - - [20/May/2022 20:39:04] "GET /cocoa-contracts HTTP/1.0" 200 -
127.0.0.1 - - [20/May/2022 20:39:05] "GET /cocoa-contracts HTTP/1.0" 200 -
127.0.0.1 - - [20/May/2022 20:39:17] "GET /cocoa-contracts HTTP/1.0" 200 -
127.0.0.1 - - [20/May/2022 20:39:31] "GET /cocoa-contracts HTTP/1.0" 200 -
127.0.0.1 - - [20/May/2022 20:39:31] "GET /cocoa-contracts HTTP/1.0" 200 -
127.0.0.1 - - [20/May/2022 20:39:38] "GET /cocoa-contracts HTTP/1.0" 200 -
127.0.0.1 - - [20/May/2022 20:39:39] "GET /cocoa-contracts HTTP/1.0" 200 -
127.0.0.1 - - [20/May/2022 20:40:00] "GET /cocoa-contracts HTTP/1.0" 200 -
127.0.0.1 - - [20/May/2022 20:40:34] "GET /cocoa-contracts HTTP/1.0" 200 -
127.0.0.1 - - [20/May/2022 20:40:47] "GET /cocoa-contracts HTTP/1.0" 200 -
127.0.0.1 - - [20/May/2022 20:40:48] "GET /cocoa-contracts HTTP/1.0" 200 -
127.0.0.1 - - [20/May/2022 20:40:48] "GET /cocoa-contracts HTTP/1.0" 200 -
127.0.0.1 - - [20/May/2022 20:40:51] "GET /cocoa-contracts HTTP/1.0" 200 -
127.0.0.1 - - [20/May/2022 20:41:27] "GET /cocoa-contracts HTTP/1.0" 200 -
127.0.0.1 - - [20/May/2022 20:41:41] "GET /cocoa-contracts HTTP/1.0" 200 -
127.0.0.1 - - [20/May/2022 20:42:12] "GET /cocoa-contracts HTTP/1.0" 200 -
127.0.0.1 - - [20/May/2022 20:44:15] "GET /cocoa-contracts HTTP/1.0" 200 -
127.0.0.1 - - [20/May/2022 20:47:09] "GET /cocoa-contracts HTTP/1.0" 200 -
127.0.0.1 - - [20/May/2022 20:47:09] "GET /cocoa-contracts HTTP/1.0" 200 -
127.0.0.1 - - [20/May/2022 20:47:57] "GET /cocoa-contracts HTTP/1.0" 200 -
127.0.0.1 - - [20/May/2022 20:47:57] "GET /cocoa-contracts HTTP/1.0" 200 -
127.0.0.1 - - [20/May/2022 20:48:30] "GET /cocoa-contracts HTTP/1.0" 200 -
127.0.0.1 - - [20/May/2022 20:48:52] "GET /cocoa-contracts HTTP/1.0" 200 -
127.0.0.1 - - [20/May/2022 20:49:11] "GET /cocoa-contracts HTTP/1.0" 200 -
127.0.0.1 - - [20/May/2022 20:49:15] "GET /cocoa-contracts HTTP/1.0" 200 -
127.0.0.1 - - [20/May/2022 20:49:20] "GET /cocoa-contracts HTTP/1.0" 200 -
127.0.0.1 - - [20/May/2022 20:49:59] "GET /cocoa-contracts HTTP/1.0" 200 -
127.0.0.1 - - [20/May/2022 20:50:03] "GET /cocoa-contracts HTTP/1.0" 200 -
127.0.0.1 - - [20/May/2022 20:50:33] "GET /cocoa-contracts HTTP/1.0" 200 -
127.0.0.1 - - [20/May/2022 20:50:48] "GET /cocoa-contracts HTTP/1.0" 200 -
127.0.0.1 - - [20/May/2022 20:51:19] "GET /cocoa-contracts HTTP/1.0" 200 -
127.0.0.1 - - [20/May/2022 20:51:29] "GET /cocoa-contracts HTTP/1.0" 200 -
127.0.0.1 - - [20/May/2022 20:51:37] "GET /cocoa-contracts HTTP/1.0" 200 -
127.0.0.1 - - [20/May/2022 20:52:03] "GET /cocoa-contracts HTTP/1.0" 200 -
127.0.0.1 - - [20/May/2022 20:53:02] "GET /cocoa-contracts HTTP/1.0" 200 -
127.0.0.1 - - [20/May/2022 20:53:37] "GET /cocoa-contracts HTTP/1.0" 200 -
127.0.0.1 - - [20/May/2022 20:57:15] "GET /cocoa-contracts HTTP/1.0" 200 -
127.0.0.1 - - [20/May/2022 20:59:15] "GET /cocoa-contracts HTTP/1.0" 200 -
127.0.0.1 - - [20/May/2022 20:59:23] "GET /cocoa-contracts HTTP/1.0" 200 -
127.0.0.1 - - [20/May/2022 21:00:38] "GET /cocoa-contracts HTTP/1.0" 200 -
127.0.0.1 - - [20/May/2022 21:00:40] "GET /cocoa-contracts HTTP/1.0" 200 -
127.0.0.1 - - [20/May/2022 21:01:15] "GET /cocoa-contracts HTTP/1.0" 200 -
127.0.0.1 - - [20/May/2022 21:01:47] "GET /cocoa-contracts HTTP/1.0" 200 -
127.0.0.1 - - [20/May/2022 21:04:05] "GET /cocoa-contracts HTTP/1.0" 200 -
127.0.0.1 - - [20/May/2022 21:04:17] "GET /cocoa-contracts HTTP/1.0" 200 -
127.0.0.1 - - [20/May/2022 21:04:49] "GET /cocoa-contracts HTTP/1.0" 200 -
127.0.0.1 - - [20/May/2022 21:05:05] "GET /cocoa-contracts HTTP/1.0" 200 -
127.0.0.1 - - [20/May/2022 21:06:02] "GET /cocoa-contracts HTTP/1.0" 200 -
127.0.0.1 - - [20/May/2022 21:07:31] "GET /cocoa-contracts HTTP/1.0" 200 -
127.0.0.1 - - [20/May/2022 21:08:07] "GET /cocoa-contracts HTTP/1.0" 200 -
127.0.0.1 - - [20/May/2022 21:08:18] "GET /cocoa-contracts HTTP/1.0" 200 -
127.0.0.1 - - [20/May/2022 21:08:50] "GET /cocoa-contracts HTTP/1.0" 200 -
127.0.0.1 - - [20/May/2022 21:09:26] "GET /cocoa-contracts HTTP/1.0" 200 -
127.0.0.1 - - [20/May/2022 21:11:36] "GET /cocoa-contracts HTTP/1.0" 200 -
127.0.0.1 - - [20/May/2022 21:11:44] "GET /cocoa-contracts HTTP/1.0" 200 -
127.0.0.1 - - [20/May/2022 21:13:11] "GET /cocoa-contracts HTTP/1.0" 200 -
127.0.0.1 - - [20/May/2022 21:18:48] "GET /cocoa-contracts HTTP/1.0" 200 -
127.0.0.1 - - [20/May/2022 21:18:59] "GET /cocoa-contracts HTTP/1.0" 200 -
127.0.0.1 - - [20/May/2022 21:20:06] "GET /cocoa-contracts HTTP/1.0" 200 -
127.0.0.1 - - [20/May/2022 21:20:31] "GET /cocoa-contracts HTTP/1.0" 200 -
127.0.0.1 - - [20/May/2022 21:20:47] "GET /cocoa-contracts HTTP/1.0" 200 -
127.0.0.1 - - [20/May/2022 21:20:50] "GET /cocoa-contracts HTTP/1.0" 200 -
127.0.0.1 - - [20/May/2022 21:24:35] "GET /cocoa-contracts HTTP/1.0" 200 -
127.0.0.1 - - [20/May/2022 21:29:02] "GET /cocoa-contracts HTTP/1.0" 200 -
127.0.0.1 - - [20/May/2022 21:29:37] "GET /cocoa-contracts HTTP/1.0" 200 -
127.0.0.1 - - [20/May/2022 21:29:44] "GET /cocoa-contracts HTTP/1.0" 200 -
127.0.0.1 - - [20/May/2022 21:30:05] "GET /cocoa-contracts HTTP/1.0" 200 -
127.0.0.1 - - [20/May/2022 21:30:21] "GET /cocoa-contracts HTTP/1.0" 200 -
127.0.0.1 - - [20/May/2022 21:31:32] "GET /cocoa-contracts HTTP/1.0" 200 -
127.0.0.1 - - [20/May/2022 21:31:39] "GET /cocoa-contracts HTTP/1.0" 200 -
127.0.0.1 - - [20/May/2022 21:31:47] "GET /cocoa-contracts HTTP/1.0" 200 -
127.0.0.1 - - [20/May/2022 21:31:50] "GET /cocoa-contracts HTTP/1.0" 200 -
127.0.0.1 - - [20/May/2022 21:32:05] "GET /cocoa-contracts HTTP/1.0" 200 -
127.0.0.1 - - [20/May/2022 21:32:15] "GET /cocoa-contracts HTTP/1.0" 200 -
127.0.0.1 - - [20/May/2022 21:32:20] "GET /cocoa-contracts HTTP/1.0" 200 -
127.0.0.1 - - [20/May/2022 21:32:41] "GET /cocoa-contracts HTTP/1.0" 200 -
127.0.0.1 - - [20/May/2022 21:32:54] "GET /cocoa-contracts HTTP/1.0" 200 -
127.0.0.1 - - [20/May/2022 21:32:56] "GET /cocoa-contracts HTTP/1.0" 200 -
127.0.0.1 - - [20/May/2022 21:33:04] "GET /cocoa-contracts HTTP/1.0" 200 -
127.0.0.1 - - [20/May/2022 21:33:10] "GET /cocoa-contracts HTTP/1.0" 200 -
127.0.0.1 - - [20/May/2022 21:33:24] "GET /cocoa-contracts HTTP/1.0" 200 -
127.0.0.1 - - [20/May/2022 21:34:43] "GET /cocoa-contracts HTTP/1.0" 200 -
127.0.0.1 - - [20/May/2022 21:34:50] "GET /cocoa-contracts HTTP/1.0" 200 -
127.0.0.1 - - [20/May/2022 21:35:01] "GET /cocoa-contracts HTTP/1.0" 200 -
127.0.0.1 - - [20/May/2022 21:35:05] "GET /cocoa-contracts HTTP/1.0" 200 -
127.0.0.1 - - [20/May/2022 21:35:35] "GET /cocoa-contracts HTTP/1.0" 200 -
127.0.0.1 - - [20/May/2022 21:35:41] "GET /cocoa-contracts HTTP/1.0" 200 -
127.0.0.1 - - [20/May/2022 21:35:48] "GET /cocoa-contracts HTTP/1.0" 200 -
127.0.0.1 - - [20/May/2022 21:36:05] "GET /cocoa-contracts HTTP/1.0" 200 -
127.0.0.1 - - [20/May/2022 21:39:24] "GET /cocoa-contracts HTTP/1.0" 200 -
127.0.0.1 - - [20/May/2022 21:39:28] "GET /cocoa-contracts HTTP/1.0" 200 -
127.0.0.1 - - [20/May/2022 21:40:16] "GET /cocoa-contracts HTTP/1.0" 200 -
127.0.0.1 - - [20/May/2022 21:40:20] "GET /cocoa-contracts HTTP/1.0" 200 -
127.0.0.1 - - [20/May/2022 21:40:47] "GET /cocoa-contracts HTTP/1.0" 200 -
127.0.0.1 - - [20/May/2022 21:41:06] "GET /cocoa-contracts HTTP/1.0" 200 -
127.0.0.1 - - [20/May/2022 21:41:09] "GET /cocoa-contracts HTTP/1.0" 200 -
127.0.0.1 - - [20/May/2022 21:41:30] "GET /cocoa-contracts HTTP/1.0" 200 -
127.0.0.1 - - [20/May/2022 21:41:35] "GET /cocoa-contracts HTTP/1.0" 200 -
127.0.0.1 - - [20/May/2022 21:43:38] "GET /cocoa-contracts HTTP/1.0" 200 -
127.0.0.1 - - [20/May/2022 21:56:31] "GET /cocoa-contracts HTTP/1.0" 200 -
127.0.0.1 - - [20/May/2022 21:56:34] "GET /cocoa-contracts HTTP/1.0" 200 -
127.0.0.1 - - [20/May/2022 21:57:10] "GET /cocoa-contracts HTTP/1.0" 200 -
127.0.0.1 - - [20/May/2022 21:57:14] "GET /cocoa-contracts HTTP/1.0" 200 -
127.0.0.1 - - [20/May/2022 21:57:31] "GET /cocoa-contracts HTTP/1.0" 200 -
127.0.0.1 - - [20/May/2022 22:03:35] "GET /cocoa-contracts HTTP/1.0" 200 -
127.0.0.1 - - [20/May/2022 22:20:07] "GET /cocoa-contracts HTTP/1.0" 200 -
127.0.0.1 - - [20/May/2022 22:25:24] "GET /cocoa-contracts HTTP/1.0" 200 -
127.0.0.1 - - [20/May/2022 22:25:44] "GET /cocoa-contracts HTTP/1.0" 200 -
127.0.0.1 - - [20/May/2022 22:26:02] "GET /cocoa-contracts HTTP/1.0" 200 -
127.0.0.1 - - [20/May/2022 22:26:14] "GET /cocoa-contracts HTTP/1.0" 200 -
127.0.0.1 - - [20/May/2022 22:26:18] "GET /cocoa-contracts HTTP/1.0" 200 -
127.0.0.1 - - [20/May/2022 22:28:01] "GET /cocoa-contracts HTTP/1.0" 200 -
127.0.0.1 - - [20/May/2022 22:28:03] "GET /cocoa-contracts HTTP/1.0" 200 -
127.0.0.1 - - [22/May/2022 16:29:33] "GET /cocoa-contracts HTTP/1.0" 200 -
127.0.0.1 - - [22/May/2022 16:46:43] "GET /cocoa-contracts HTTP/1.0" 200 -
127.0.0.1 - - [22/May/2022 16:46:43] "GET /favicon.ico HTTP/1.0" 404 -
127.0.0.1 - - [22/May/2022 16:47:00] "GET /cocoa-contracts HTTP/1.0" 200 -
127.0.0.1 - - [23/May/2022 00:06:57] "GET /trm HTTP/1.0" 200 -
127.0.0.1 - - [23/May/2022 00:06:58] "GET /cocoa-contracts HTTP/1.0" 200 -
127.0.0.1 - - [23/May/2022 00:12:18] "GET /trm HTTP/1.0" 200 -
127.0.0.1 - - [23/May/2022 00:12:19] "GET /cocoa-contracts HTTP/1.0" 200 -
127.0.0.1 - - [23/May/2022 00:16:22] "GET /trm HTTP/1.0" 200 -
127.0.0.1 - - [23/May/2022 00:16:23] "GET /cocoa-contracts HTTP/1.0" 200 -
127.0.0.1 - - [23/May/2022 00:24:30] "GET /trm HTTP/1.0" 200 -
127.0.0.1 - - [23/May/2022 00:24:31] "GET /cocoa-contracts HTTP/1.0" 200 -
127.0.0.1 - - [23/May/2022 00:51:34] "GET /trm HTTP/1.0" 200 -
127.0.0.1 - - [23/May/2022 00:51:35] "GET /cocoa-contracts HTTP/1.0" 200 -
127.0.0.1 - - [23/May/2022 00:56:00] "GET /trm HTTP/1.0" 200 -
127.0.0.1 - - [23/May/2022 00:56:01] "GET /cocoa-contracts HTTP/1.0" 200 -
127.0.0.1 - - [23/May/2022 03:05:43] "GET /trm HTTP/1.0" 200 -
127.0.0.1 - - [23/May/2022 03:05:44] "GET /cocoa-contracts HTTP/1.0" 200 -
127.0.0.1 - - [23/May/2022 14:05:10] "GET /trm HTTP/1.0" 200 -
127.0.0.1 - - [23/May/2022 14:05:11] "GET /cocoa-contracts HTTP/1.0" 200 -
127.0.0.1 - - [23/May/2022 14:06:14] "GET /trm HTTP/1.0" 200 -
127.0.0.1 - - [23/May/2022 14:06:15] "GET /cocoa-contracts HTTP/1.0" 200 -
127.0.0.1 - - [23/May/2022 14:06:26] "GET /trm HTTP/1.0" 200 -
127.0.0.1 - - [23/May/2022 14:06:27] "GET /cocoa-contracts HTTP/1.0" 200 -
127.0.0.1 - - [23/May/2022 14:06:57] "GET /trm HTTP/1.0" 200 -
127.0.0.1 - - [23/May/2022 14:06:59] "GET /cocoa-contracts HTTP/1.0" 200 -
127.0.0.1 - - [23/May/2022 14:07:01] "GET /trm HTTP/1.0" 200 -
127.0.0.1 - - [23/May/2022 14:07:02] "GET /cocoa-contracts HTTP/1.0" 200 -
127.0.0.1 - - [23/May/2022 15:23:55] "GET /trm HTTP/1.0" 200 -
127.0.0.1 - - [23/May/2022 15:23:57] "GET /cocoa-contracts HTTP/1.0" 200 -
127.0.0.1 - - [23/May/2022 15:24:24] "GET /trm HTTP/1.0" 200 -
127.0.0.1 - - [23/May/2022 15:24:25] "GET /cocoa-contracts HTTP/1.0" 200 -
<?xml version="1.0" encoding="UTF-8"?>
<SOAP-ENV:Envelope xmlns:SOAP-ENV="http://schemas.xmlsoap.org/soap/envelope/" xmlns:xsi="http://www.w3.org/2001/XMLSchema-instance" xmlns:ns0="http://schemas.xmlsoap.org/soap/envelope/" xmlns:ns1="http://action.trm.services.generic.action.superfinanciera.nexura.sc.com.co/">
   <SOAP-ENV:Header/>
   <ns0:Body>
      <ns1:queryTCRM>
         <tcrmQueryAssociatedDate>2022-05-22 15:25:02.709735</tcrmQueryAssociatedDate>
      </ns1:queryTCRM>
   </ns0:Body>
</SOAP-ENV:Envelope>
[2022-05-23 15:25:03,174] ERROR in app: Exception on /trm [GET]
Traceback (most recent call last):
  File "/usr/local/lib/python3.8/dist-packages/suds/transport/http.py", line 78, in send
    fp = self.u2open(u2request)
  File "/usr/local/lib/python3.8/dist-packages/suds/transport/http.py", line 119, in u2open
    return url.open(u2request, timeout=tm)
  File "/usr/lib/python3.8/urllib/request.py", line 531, in open
    response = meth(req, response)
  File "/usr/lib/python3.8/urllib/request.py", line 640, in http_response
    response = self.parent.error(
  File "/usr/lib/python3.8/urllib/request.py", line 569, in error
    return self._call_chain(*args)
  File "/usr/lib/python3.8/urllib/request.py", line 502, in _call_chain
    result = func(*args)
  File "/usr/lib/python3.8/urllib/request.py", line 649, in http_error_default
    raise HTTPError(req.full_url, code, msg, hdrs, fp)
urllib.error.HTTPError: HTTP Error 405: Method Not Allowed

During handling of the above exception, another exception occurred:

Traceback (most recent call last):
  File "/usr/local/lib/python3.8/dist-packages/suds/client.py", line 652, in send
    reply = transport.send(request)
  File "/usr/local/lib/python3.8/dist-packages/suds/transport/http.py", line 178, in send
    return HttpTransport.send(self, request)
  File "/usr/local/lib/python3.8/dist-packages/suds/transport/http.py", line 86, in send
    raise TransportError(e.msg, e.code, e.fp)
suds.transport.TransportError: Method Not Allowed

During handling of the above exception, another exception occurred:

Traceback (most recent call last):
  File "/usr/local/lib/python3.8/dist-packages/flask/app.py", line 2073, in wsgi_app
    response = self.full_dispatch_request()
  File "/usr/local/lib/python3.8/dist-packages/flask/app.py", line 1518, in full_dispatch_request
    rv = self.handle_user_exception(e)
  File "/usr/local/lib/python3.8/dist-packages/flask/app.py", line 1516, in full_dispatch_request
    rv = self.dispatch_request()
  File "/usr/local/lib/python3.8/dist-packages/flask/app.py", line 1502, in dispatch_request
    return self.ensure_sync(self.view_functions[rule.endpoint])(**req.view_args)
  File "test.py", line 18, in welcome
    trm = client.service.queryTCRM(date)
  File "/usr/local/lib/python3.8/dist-packages/suds/client.py", line 559, in __call__
    return client.invoke(args, kwargs)
  File "/usr/local/lib/python3.8/dist-packages/suds/client.py", line 618, in invoke
    result = self.send(soapenv)
  File "/usr/local/lib/python3.8/dist-packages/suds/client.py", line 664, in send
    result = self.failed(binding, e)
  File "/usr/local/lib/python3.8/dist-packages/suds/client.py", line 726, in failed
    raise Exception((status, reason))
Exception: (405, 'Method Not Allowed')
127.0.0.1 - - [23/May/2022 15:25:03] "GET /trm HTTP/1.0" 500 -
127.0.0.1 - - [23/May/2022 15:25:04] "GET /cocoa-contracts HTTP/1.0" 200 -
<?xml version="1.0" encoding="UTF-8"?>
<SOAP-ENV:Envelope xmlns:SOAP-ENV="http://schemas.xmlsoap.org/soap/envelope/" xmlns:xsi="http://www.w3.org/2001/XMLSchema-instance" xmlns:ns0="http://schemas.xmlsoap.org/soap/envelope/" xmlns:ns1="http://action.trm.services.generic.action.superfinanciera.nexura.sc.com.co/">
   <SOAP-ENV:Header/>
   <ns0:Body>
      <ns1:queryTCRM>
         <tcrmQueryAssociatedDate>2022-05-22 15:25:10.099478</tcrmQueryAssociatedDate>
      </ns1:queryTCRM>
   </ns0:Body>
</SOAP-ENV:Envelope>
[2022-05-23 15:25:10,547] ERROR in app: Exception on /trm [GET]
Traceback (most recent call last):
  File "/usr/local/lib/python3.8/dist-packages/suds/transport/http.py", line 78, in send
    fp = self.u2open(u2request)
  File "/usr/local/lib/python3.8/dist-packages/suds/transport/http.py", line 119, in u2open
    return url.open(u2request, timeout=tm)
  File "/usr/lib/python3.8/urllib/request.py", line 531, in open
    response = meth(req, response)
  File "/usr/lib/python3.8/urllib/request.py", line 640, in http_response
    response = self.parent.error(
  File "/usr/lib/python3.8/urllib/request.py", line 569, in error
    return self._call_chain(*args)
  File "/usr/lib/python3.8/urllib/request.py", line 502, in _call_chain
    result = func(*args)
  File "/usr/lib/python3.8/urllib/request.py", line 649, in http_error_default
    raise HTTPError(req.full_url, code, msg, hdrs, fp)
urllib.error.HTTPError: HTTP Error 405: Method Not Allowed

During handling of the above exception, another exception occurred:

Traceback (most recent call last):
  File "/usr/local/lib/python3.8/dist-packages/suds/client.py", line 652, in send
    reply = transport.send(request)
  File "/usr/local/lib/python3.8/dist-packages/suds/transport/http.py", line 178, in send
    return HttpTransport.send(self, request)
  File "/usr/local/lib/python3.8/dist-packages/suds/transport/http.py", line 86, in send
    raise TransportError(e.msg, e.code, e.fp)
suds.transport.TransportError: Method Not Allowed

During handling of the above exception, another exception occurred:

Traceback (most recent call last):
  File "/usr/local/lib/python3.8/dist-packages/flask/app.py", line 2073, in wsgi_app
    response = self.full_dispatch_request()
  File "/usr/local/lib/python3.8/dist-packages/flask/app.py", line 1518, in full_dispatch_request
    rv = self.handle_user_exception(e)
  File "/usr/local/lib/python3.8/dist-packages/flask/app.py", line 1516, in full_dispatch_request
    rv = self.dispatch_request()
  File "/usr/local/lib/python3.8/dist-packages/flask/app.py", line 1502, in dispatch_request
    return self.ensure_sync(self.view_functions[rule.endpoint])(**req.view_args)
  File "test.py", line 18, in welcome
    trm = client.service.queryTCRM(date)
  File "/usr/local/lib/python3.8/dist-packages/suds/client.py", line 559, in __call__
    return client.invoke(args, kwargs)
  File "/usr/local/lib/python3.8/dist-packages/suds/client.py", line 618, in invoke
    result = self.send(soapenv)
  File "/usr/local/lib/python3.8/dist-packages/suds/client.py", line 664, in send
    result = self.failed(binding, e)
  File "/usr/local/lib/python3.8/dist-packages/suds/client.py", line 726, in failed
    raise Exception((status, reason))
Exception: (405, 'Method Not Allowed')
127.0.0.1 - - [23/May/2022 15:25:10] "GET /trm HTTP/1.0" 500 -
[2022-05-23 15:25:10,687] ERROR in app: Exception on /cocoa-contracts [GET]
Traceback (most recent call last):
  File "/usr/local/lib/python3.8/dist-packages/flask/app.py", line 2073, in wsgi_app
    response = self.full_dispatch_request()
  File "/usr/local/lib/python3.8/dist-packages/flask/app.py", line 1518, in full_dispatch_request
    rv = self.handle_user_exception(e)
  File "/usr/local/lib/python3.8/dist-packages/flask/app.py", line 1516, in full_dispatch_request
    rv = self.dispatch_request()
  File "/usr/local/lib/python3.8/dist-packages/flask/app.py", line 1502, in dispatch_request
    return self.ensure_sync(self.view_functions[rule.endpoint])(**req.view_args)
  File "test.py", line 38, in welcome1
    df = pd.read_html(str(tables))[0]
  File "/usr/local/lib/python3.8/dist-packages/pandas/util/_decorators.py", line 311, in wrapper
    return func(*args, **kwargs)
  File "/usr/local/lib/python3.8/dist-packages/pandas/io/html.py", line 1098, in read_html
    return _parse(
  File "/usr/local/lib/python3.8/dist-packages/pandas/io/html.py", line 926, in _parse
    raise retained
  File "/usr/local/lib/python3.8/dist-packages/pandas/io/html.py", line 906, in _parse
    tables = p.parse_tables()
  File "/usr/local/lib/python3.8/dist-packages/pandas/io/html.py", line 222, in parse_tables
    tables = self._parse_tables(self._build_doc(), self.match, self.attrs)
  File "/usr/local/lib/python3.8/dist-packages/pandas/io/html.py", line 552, in _parse_tables
    raise ValueError("No tables found")
ValueError: No tables found
127.0.0.1 - - [23/May/2022 15:25:10] "GET /cocoa-contracts HTTP/1.0" 500 -
127.0.0.1 - - [23/May/2022 15:25:34] "GET /trm HTTP/1.0" 200 -
127.0.0.1 - - [23/May/2022 15:25:35] "GET /cocoa-contracts HTTP/1.0" 200 -
127.0.0.1 - - [23/May/2022 15:25:40] "GET /trm HTTP/1.0" 200 -
127.0.0.1 - - [23/May/2022 15:25:41] "GET /cocoa-contracts HTTP/1.0" 200 -
127.0.0.1 - - [23/May/2022 15:26:02] "GET /trm HTTP/1.0" 200 -
127.0.0.1 - - [23/May/2022 15:26:03] "GET /cocoa-contracts HTTP/1.0" 200 -
127.0.0.1 - - [23/May/2022 15:31:09] "GET /trm HTTP/1.0" 200 -
127.0.0.1 - - [23/May/2022 15:31:09] "GET /cocoa-contracts HTTP/1.0" 200 -
127.0.0.1 - - [23/May/2022 15:31:58] "GET /trm HTTP/1.0" 200 -
127.0.0.1 - - [23/May/2022 15:31:59] "GET /cocoa-contracts HTTP/1.0" 200 -
127.0.0.1 - - [23/May/2022 15:35:55] "GET /trm HTTP/1.0" 200 -
127.0.0.1 - - [23/May/2022 15:35:56] "GET /cocoa-contracts HTTP/1.0" 200 -
127.0.0.1 - - [23/May/2022 15:44:38] "GET /trm HTTP/1.0" 200 -
127.0.0.1 - - [23/May/2022 15:44:39] "GET /cocoa-contracts HTTP/1.0" 200 -
127.0.0.1 - - [23/May/2022 15:46:02] "GET /trm HTTP/1.0" 200 -
127.0.0.1 - - [23/May/2022 15:46:03] "GET /cocoa-contracts HTTP/1.0" 200 -
127.0.0.1 - - [23/May/2022 15:47:34] "GET /trm HTTP/1.0" 200 -
127.0.0.1 - - [23/May/2022 15:47:35] "GET /cocoa-contracts HTTP/1.0" 200 -
127.0.0.1 - - [23/May/2022 15:49:30] "GET /cocoa-contracts HTTP/1.0" 200 -
127.0.0.1 - - [23/May/2022 15:49:31] "GET /trm HTTP/1.0" 200 -
127.0.0.1 - - [23/May/2022 15:52:18] "GET / HTTP/1.0" 404 -
127.0.0.1 - - [23/May/2022 15:55:13] "GET /trm HTTP/1.0" 200 -
127.0.0.1 - - [23/May/2022 15:55:14] "GET /cocoa-contracts HTTP/1.0" 200 -
127.0.0.1 - - [23/May/2022 15:59:47] "GET /trm HTTP/1.0" 200 -
127.0.0.1 - - [23/May/2022 15:59:48] "GET /cocoa-contracts HTTP/1.0" 200 -
127.0.0.1 - - [23/May/2022 16:08:52] "GET / HTTP/1.0" 404 -
127.0.0.1 - - [23/May/2022 16:09:11] "GET /cocoa-contracts HTTP/1.0" 200 -
127.0.0.1 - - [23/May/2022 17:37:26] "GET /trm HTTP/1.0" 200 -
127.0.0.1 - - [23/May/2022 17:37:27] "GET /cocoa-contracts HTTP/1.0" 200 -
127.0.0.1 - - [23/May/2022 21:22:08] "GET /trm HTTP/1.0" 200 -
127.0.0.1 - - [23/May/2022 21:22:09] "GET /cocoa-contracts HTTP/1.0" 200 -
127.0.0.1 - - [23/May/2022 21:38:34] "GET /trm HTTP/1.0" 200 -
127.0.0.1 - - [23/May/2022 21:38:35] "GET /cocoa-contracts HTTP/1.0" 200 -
127.0.0.1 - - [23/May/2022 22:06:36] "GET /trm HTTP/1.0" 200 -
127.0.0.1 - - [23/May/2022 22:06:36] "GET /favicon.ico HTTP/1.0" 404 -
127.0.0.1 - - [24/May/2022 10:37:20] "GET /cocoa-contracts HTTP/1.0" 200 -
127.0.0.1 - - [24/May/2022 10:37:20] "GET /trm HTTP/1.0" 200 -
127.0.0.1 - - [24/May/2022 11:27:44] "GET /trm HTTP/1.0" 200 -
127.0.0.1 - - [24/May/2022 11:27:44] "GET /cocoa-contracts HTTP/1.0" 200 -
127.0.0.1 - - [24/May/2022 11:32:53] "GET /trm HTTP/1.0" 200 -
127.0.0.1 - - [24/May/2022 11:32:53] "GET /cocoa-contracts HTTP/1.0" 200 -
127.0.0.1 - - [24/May/2022 11:32:59] "GET /trm HTTP/1.0" 200 -
127.0.0.1 - - [24/May/2022 11:33:00] "GET /cocoa-contracts HTTP/1.0" 200 -
127.0.0.1 - - [24/May/2022 12:53:52] "GET /trm HTTP/1.0" 200 -
127.0.0.1 - - [24/May/2022 12:53:53] "GET /cocoa-contracts HTTP/1.0" 200 -
127.0.0.1 - - [24/May/2022 12:53:53] "GET /trm HTTP/1.0" 200 -
127.0.0.1 - - [24/May/2022 12:53:55] "GET /cocoa-contracts HTTP/1.0" 200 -
127.0.0.1 - - [24/May/2022 14:16:36] "GET /trm HTTP/1.0" 200 -
127.0.0.1 - - [24/May/2022 14:16:37] "GET /cocoa-contracts HTTP/1.0" 200 -
127.0.0.1 - - [24/May/2022 14:19:08] "GET /trm HTTP/1.0" 200 -
127.0.0.1 - - [24/May/2022 14:19:11] "GET /cocoa-contracts HTTP/1.0" 200 -
127.0.0.1 - - [24/May/2022 14:26:32] "GET /trm HTTP/1.0" 200 -
127.0.0.1 - - [24/May/2022 14:26:33] "GET /cocoa-contracts HTTP/1.0" 200 -
127.0.0.1 - - [24/May/2022 14:26:37] "GET /trm HTTP/1.0" 200 -
127.0.0.1 - - [24/May/2022 14:26:38] "GET /cocoa-contracts HTTP/1.0" 200 -
127.0.0.1 - - [24/May/2022 14:28:05] "GET /trm HTTP/1.0" 200 -
127.0.0.1 - - [24/May/2022 14:28:06] "GET /cocoa-contracts HTTP/1.0" 200 -
127.0.0.1 - - [24/May/2022 14:38:19] "GET /trm HTTP/1.0" 200 -
127.0.0.1 - - [24/May/2022 14:38:20] "GET /cocoa-contracts HTTP/1.0" 200 -
127.0.0.1 - - [24/May/2022 14:38:41] "GET /trm HTTP/1.0" 200 -
127.0.0.1 - - [24/May/2022 14:38:42] "GET /cocoa-contracts HTTP/1.0" 200 -
127.0.0.1 - - [24/May/2022 14:42:13] "GET /trm HTTP/1.0" 200 -
127.0.0.1 - - [24/May/2022 14:42:14] "GET /cocoa-contracts HTTP/1.0" 200 -
127.0.0.1 - - [24/May/2022 14:42:33] "GET /trm HTTP/1.0" 200 -
127.0.0.1 - - [24/May/2022 14:42:34] "GET /cocoa-contracts HTTP/1.0" 200 -
127.0.0.1 - - [24/May/2022 14:43:11] "GET /trm HTTP/1.0" 200 -
127.0.0.1 - - [24/May/2022 14:43:13] "GET /cocoa-contracts HTTP/1.0" 200 -
127.0.0.1 - - [24/May/2022 14:46:06] "GET /trm HTTP/1.0" 200 -
127.0.0.1 - - [24/May/2022 14:46:07] "GET /cocoa-contracts HTTP/1.0" 200 -
127.0.0.1 - - [24/May/2022 14:47:22] "GET /trm HTTP/1.0" 200 -
127.0.0.1 - - [24/May/2022 14:47:23] "GET /cocoa-contracts HTTP/1.0" 200 -
127.0.0.1 - - [24/May/2022 14:47:54] "GET /trm HTTP/1.0" 200 -
127.0.0.1 - - [24/May/2022 14:47:55] "GET /cocoa-contracts HTTP/1.0" 200 -
127.0.0.1 - - [24/May/2022 14:48:14] "GET /trm HTTP/1.0" 200 -
127.0.0.1 - - [24/May/2022 14:48:15] "GET /cocoa-contracts HTTP/1.0" 200 -
127.0.0.1 - - [24/May/2022 14:48:19] "GET /trm HTTP/1.0" 200 -
127.0.0.1 - - [24/May/2022 14:48:21] "GET /cocoa-contracts HTTP/1.0" 200 -
127.0.0.1 - - [24/May/2022 14:56:38] "GET /trm HTTP/1.0" 200 -
127.0.0.1 - - [24/May/2022 14:56:39] "GET /cocoa-contracts HTTP/1.0" 200 -
127.0.0.1 - - [24/May/2022 14:59:29] "GET /trm HTTP/1.0" 200 -
127.0.0.1 - - [24/May/2022 14:59:30] "GET /cocoa-contracts HTTP/1.0" 200 -
127.0.0.1 - - [24/May/2022 15:05:34] "GET /trm HTTP/1.0" 200 -
127.0.0.1 - - [24/May/2022 15:05:35] "GET /cocoa-contracts HTTP/1.0" 200 -
127.0.0.1 - - [24/May/2022 15:34:00] "GET /trm HTTP/1.0" 200 -
127.0.0.1 - - [24/May/2022 15:34:01] "GET /cocoa-contracts HTTP/1.0" 200 -
127.0.0.1 - - [24/May/2022 16:29:43] "GET /trm HTTP/1.0" 200 -
127.0.0.1 - - [24/May/2022 16:29:44] "GET /cocoa-contracts HTTP/1.0" 200 -
127.0.0.1 - - [24/May/2022 17:02:29] "GET /trm HTTP/1.0" 200 -
127.0.0.1 - - [24/May/2022 17:02:33] "GET /cocoa-contracts HTTP/1.0" 200 -
127.0.0.1 - - [24/May/2022 17:02:37] "GET /trm HTTP/1.0" 200 -
127.0.0.1 - - [24/May/2022 17:02:39] "GET /cocoa-contracts HTTP/1.0" 200 -
127.0.0.1 - - [24/May/2022 17:16:04] "GET /trm HTTP/1.0" 200 -
127.0.0.1 - - [24/May/2022 17:16:05] "GET /cocoa-contracts HTTP/1.0" 200 -
127.0.0.1 - - [24/May/2022 17:18:40] "GET /trm HTTP/1.0" 200 -
127.0.0.1 - - [24/May/2022 17:18:41] "GET /cocoa-contracts HTTP/1.0" 200 -
127.0.0.1 - - [24/May/2022 17:19:07] "GET /trm HTTP/1.0" 200 -
127.0.0.1 - - [24/May/2022 17:19:08] "GET /cocoa-contracts HTTP/1.0" 200 -
127.0.0.1 - - [24/May/2022 17:19:20] "GET /trm HTTP/1.0" 200 -
127.0.0.1 - - [24/May/2022 17:19:22] "GET /cocoa-contracts HTTP/1.0" 200 -
127.0.0.1 - - [24/May/2022 17:23:21] "GET /trm HTTP/1.0" 200 -
127.0.0.1 - - [24/May/2022 17:23:22] "GET /cocoa-contracts HTTP/1.0" 200 -
127.0.0.1 - - [24/May/2022 17:25:51] "GET /trm HTTP/1.0" 200 -
127.0.0.1 - - [24/May/2022 17:25:52] "GET /cocoa-contracts HTTP/1.0" 200 -
127.0.0.1 - - [24/May/2022 17:26:47] "GET /trm HTTP/1.0" 200 -
127.0.0.1 - - [24/May/2022 17:26:48] "GET /cocoa-contracts HTTP/1.0" 200 -
127.0.0.1 - - [24/May/2022 17:27:40] "GET /trm HTTP/1.0" 200 -
127.0.0.1 - - [24/May/2022 17:27:41] "GET /cocoa-contracts HTTP/1.0" 200 -
127.0.0.1 - - [24/May/2022 17:27:57] "GET /trm HTTP/1.0" 200 -
127.0.0.1 - - [24/May/2022 17:27:59] "GET /cocoa-contracts HTTP/1.0" 200 -
127.0.0.1 - - [24/May/2022 17:29:26] "GET /trm HTTP/1.0" 200 -
127.0.0.1 - - [24/May/2022 17:29:27] "GET /cocoa-contracts HTTP/1.0" 200 -
127.0.0.1 - - [24/May/2022 17:29:46] "GET /trm HTTP/1.0" 200 -
127.0.0.1 - - [24/May/2022 17:29:47] "GET /cocoa-contracts HTTP/1.0" 200 -
127.0.0.1 - - [24/May/2022 17:30:30] "GET /trm HTTP/1.0" 200 -
127.0.0.1 - - [24/May/2022 17:30:31] "GET /cocoa-contracts HTTP/1.0" 200 -
127.0.0.1 - - [24/May/2022 17:30:46] "GET /trm HTTP/1.0" 200 -
127.0.0.1 - - [24/May/2022 17:30:48] "GET /cocoa-contracts HTTP/1.0" 200 -
127.0.0.1 - - [24/May/2022 17:31:38] "GET /trm HTTP/1.0" 200 -
127.0.0.1 - - [24/May/2022 17:31:40] "GET /cocoa-contracts HTTP/1.0" 200 -
127.0.0.1 - - [24/May/2022 17:32:16] "GET /trm HTTP/1.0" 200 -
127.0.0.1 - - [24/May/2022 17:32:18] "GET /cocoa-contracts HTTP/1.0" 200 -
127.0.0.1 - - [24/May/2022 17:34:12] "GET /trm HTTP/1.0" 200 -
127.0.0.1 - - [24/May/2022 17:34:14] "GET /cocoa-contracts HTTP/1.0" 200 -
127.0.0.1 - - [24/May/2022 18:07:22] "GET /trm HTTP/1.0" 200 -
127.0.0.1 - - [24/May/2022 18:07:24] "GET /cocoa-contracts HTTP/1.0" 200 -
127.0.0.1 - - [24/May/2022 19:03:00] "GET /trm HTTP/1.0" 200 -
127.0.0.1 - - [24/May/2022 19:03:01] "GET /cocoa-contracts HTTP/1.0" 200 -
127.0.0.1 - - [24/May/2022 19:03:10] "GET /trm HTTP/1.0" 200 -
127.0.0.1 - - [24/May/2022 19:03:11] "GET /cocoa-contracts HTTP/1.0" 200 -
127.0.0.1 - - [24/May/2022 19:04:58] "GET /cocoa-contracts HTTP/1.0" 200 -
127.0.0.1 - - [24/May/2022 19:04:59] "GET /trm HTTP/1.0" 200 -
127.0.0.1 - - [24/May/2022 19:07:57] "GET /trm HTTP/1.0" 200 -
127.0.0.1 - - [24/May/2022 19:07:57] "GET /cocoa-contracts HTTP/1.0" 200 -
127.0.0.1 - - [24/May/2022 19:08:26] "GET /trm HTTP/1.0" 200 -
127.0.0.1 - - [24/May/2022 19:08:27] "GET /cocoa-contracts HTTP/1.0" 200 -
127.0.0.1 - - [24/May/2022 19:08:36] "GET /trm HTTP/1.0" 200 -
127.0.0.1 - - [24/May/2022 19:08:37] "GET /cocoa-contracts HTTP/1.0" 200 -
127.0.0.1 - - [24/May/2022 19:09:06] "GET /trm HTTP/1.0" 200 -
127.0.0.1 - - [24/May/2022 19:09:07] "GET /cocoa-contracts HTTP/1.0" 200 -
127.0.0.1 - - [24/May/2022 19:10:03] "GET /trm HTTP/1.0" 200 -
127.0.0.1 - - [24/May/2022 19:10:03] "GET /cocoa-contracts HTTP/1.0" 200 -
127.0.0.1 - - [24/May/2022 19:11:43] "GET /trm HTTP/1.0" 200 -
127.0.0.1 - - [24/May/2022 19:11:44] "GET /cocoa-contracts HTTP/1.0" 200 -
127.0.0.1 - - [24/May/2022 19:14:59] "GET /trm HTTP/1.0" 200 -
127.0.0.1 - - [24/May/2022 19:15:00] "GET /cocoa-contracts HTTP/1.0" 200 -
127.0.0.1 - - [24/May/2022 20:10:15] "GET /trm HTTP/1.0" 200 -
127.0.0.1 - - [24/May/2022 20:10:16] "GET /cocoa-contracts HTTP/1.0" 200 -
127.0.0.1 - - [24/May/2022 20:15:35] "GET /cocoa-contracts HTTP/1.0" 200 -
127.0.0.1 - - [24/May/2022 20:15:36] "GET /trm HTTP/1.0" 200 -
127.0.0.1 - - [24/May/2022 20:15:47] "GET /trm HTTP/1.0" 200 -
127.0.0.1 - - [24/May/2022 20:15:48] "GET /cocoa-contracts HTTP/1.0" 200 -
127.0.0.1 - - [24/May/2022 20:15:49] "GET /trm HTTP/1.0" 200 -
127.0.0.1 - - [24/May/2022 20:15:50] "GET /cocoa-contracts HTTP/1.0" 200 -
127.0.0.1 - - [24/May/2022 20:43:38] "GET /trm HTTP/1.0" 200 -
127.0.0.1 - - [24/May/2022 20:43:40] "GET /cocoa-contracts HTTP/1.0" 200 -
127.0.0.1 - - [24/May/2022 20:54:15] "GET /trm HTTP/1.0" 200 -
127.0.0.1 - - [24/May/2022 20:54:16] "GET /cocoa-contracts HTTP/1.0" 200 -
127.0.0.1 - - [24/May/2022 20:54:27] "GET /trm HTTP/1.0" 200 -
127.0.0.1 - - [24/May/2022 20:54:27] "GET /cocoa-contracts HTTP/1.0" 200 -
127.0.0.1 - - [24/May/2022 21:02:21] "GET /trm HTTP/1.0" 200 -
127.0.0.1 - - [24/May/2022 21:02:21] "GET /cocoa-contracts HTTP/1.0" 200 -
127.0.0.1 - - [24/May/2022 21:12:00] "GET /trm HTTP/1.0" 200 -
127.0.0.1 - - [24/May/2022 21:12:01] "GET /cocoa-contracts HTTP/1.0" 200 -
127.0.0.1 - - [24/May/2022 21:12:22] "GET /trm HTTP/1.0" 200 -
127.0.0.1 - - [24/May/2022 21:12:23] "GET /cocoa-contracts HTTP/1.0" 200 -
127.0.0.1 - - [24/May/2022 21:14:51] "GET /trm HTTP/1.0" 200 -
127.0.0.1 - - [24/May/2022 21:14:52] "GET /cocoa-contracts HTTP/1.0" 200 -
127.0.0.1 - - [24/May/2022 21:15:52] "GET /trm HTTP/1.0" 200 -
127.0.0.1 - - [24/May/2022 21:15:53] "GET /cocoa-contracts HTTP/1.0" 200 -
127.0.0.1 - - [24/May/2022 21:17:59] "GET /trm HTTP/1.0" 200 -
127.0.0.1 - - [24/May/2022 21:17:59] "GET /cocoa-contracts HTTP/1.0" 200 -
127.0.0.1 - - [24/May/2022 21:23:35] "GET /trm HTTP/1.0" 200 -
127.0.0.1 - - [24/May/2022 21:23:36] "GET /cocoa-contracts HTTP/1.0" 200 -
127.0.0.1 - - [24/May/2022 21:27:07] "GET /trm HTTP/1.0" 200 -
127.0.0.1 - - [24/May/2022 21:27:07] "GET /cocoa-contracts HTTP/1.0" 200 -
127.0.0.1 - - [24/May/2022 21:41:21] "GET /trm HTTP/1.0" 200 -
127.0.0.1 - - [24/May/2022 21:41:22] "GET /cocoa-contracts HTTP/1.0" 200 -
127.0.0.1 - - [24/May/2022 21:42:33] "GET /trm HTTP/1.0" 200 -
127.0.0.1 - - [24/May/2022 21:42:33] "GET /cocoa-contracts HTTP/1.0" 200 -
127.0.0.1 - - [24/May/2022 21:43:43] "GET /trm HTTP/1.0" 200 -
127.0.0.1 - - [24/May/2022 21:43:44] "GET /cocoa-contracts HTTP/1.0" 200 -
127.0.0.1 - - [24/May/2022 21:43:55] "GET /cocoa-contracts HTTP/1.0" 200 -
127.0.0.1 - - [24/May/2022 21:43:55] "GET /trm HTTP/1.0" 200 -
127.0.0.1 - - [24/May/2022 21:44:52] "GET /trm HTTP/1.0" 200 -
127.0.0.1 - - [24/May/2022 21:44:53] "GET /cocoa-contracts HTTP/1.0" 200 -
127.0.0.1 - - [24/May/2022 21:44:54] "GET /trm HTTP/1.0" 200 -
127.0.0.1 - - [24/May/2022 21:44:55] "GET /cocoa-contracts HTTP/1.0" 200 -
127.0.0.1 - - [24/May/2022 22:06:28] "GET /trm HTTP/1.0" 200 -
127.0.0.1 - - [24/May/2022 22:06:28] "GET /cocoa-contracts HTTP/1.0" 200 -
127.0.0.1 - - [24/May/2022 22:21:42] "GET /favicon.ico HTTP/1.0" 404 -
